<?xml version="1.0" encoding="UTF-8" standalone="yes"?><!DOCTYPE report PUBLIC "-//JACOCO//DTD Report 1.1//EN" "report.dtd"><report name="Apache Commons CSV"><sessioninfo id="superpippo.local-239c5d53" start="1589402797916" dump="1589402807179"/><package name="org/apache/commons/csv"><class name="org/apache/commons/csv/Constants" sourcefilename="Constants.java"><method name="&lt;init&gt;" desc="()V" line="23"><counter type="INSTRUCTION" missed="0" covered="3"/><counter type="LINE" missed="0" covered="1"/><counter type="COMPLEXITY" missed="0" covered="1"/><counter type="METHOD" missed="0" covered="1"/></method><method name="&lt;clinit&gt;" desc="()V" line="41"><counter type="INSTRUCTION" missed="0" covered="4"/><counter type="LINE" missed="0" covered="1"/><counter type="COMPLEXITY" missed="0" covered="1"/><counter type="METHOD" missed="0" covered="1"/></method><counter type="INSTRUCTION" missed="0" covered="7"/><counter type="LINE" missed="0" covered="2"/><counter type="COMPLEXITY" missed="0" covered="2"/><counter type="METHOD" missed="0" covered="2"/><counter type="CLASS" missed="0" covered="1"/></class><class name="org/apache/commons/csv/ExtendedBufferedReader" sourcefilename="ExtendedBufferedReader.java"><method name="&lt;init&gt;" desc="(Ljava/io/Reader;)V" line="39"><counter type="INSTRUCTION" missed="0" covered="7"/><counter type="LINE" missed="0" covered="3"/><counter type="COMPLEXITY" missed="0" covered="1"/><counter type="METHOD" missed="0" covered="1"/></method><method name="read" desc="()I" line="58"><counter type="INSTRUCTION" missed="0" covered="31"/><counter type="BRANCH" missed="2" covered="4"/><counter type="LINE" missed="0" covered="6"/><counter type="COMPLEXITY" missed="2" covered="2"/><counter type="METHOD" missed="0" covered="1"/></method><method name="getLastChar" desc="()I" line="76"><counter type="INSTRUCTION" missed="0" covered="3"/><counter type="LINE" missed="0" covered="1"/><counter type="COMPLEXITY" missed="0" covered="1"/><counter type="METHOD" missed="0" covered="1"/></method><method name="read" desc="([CII)I" line="81"><counter type="INSTRUCTION" missed="25" covered="56"/><counter type="BRANCH" missed="7" covered="9"/><counter type="LINE" missed="3" covered="13"/><counter type="COMPLEXITY" missed="5" covered="4"/><counter type="METHOD" missed="0" covered="1"/></method><method name="readLine" desc="()Ljava/lang/String;" line="122"><counter type="INSTRUCTION" missed="0" covered="20"/><counter type="BRANCH" missed="0" covered="2"/><counter type="LINE" missed="0" covered="6"/><counter type="COMPLEXITY" missed="0" covered="2"/><counter type="METHOD" missed="0" covered="1"/></method><method name="lookAhead" desc="()I" line="144"><counter type="INSTRUCTION" missed="0" covered="10"/><counter type="LINE" missed="0" covered="4"/><counter type="COMPLEXITY" missed="0" covered="1"/><counter type="METHOD" missed="0" covered="1"/></method><method name="getCurrentLineNumber" desc="()J" line="158"><counter type="INSTRUCTION" missed="0" covered="24"/><counter type="BRANCH" missed="1" covered="7"/><counter type="LINE" missed="0" covered="3"/><counter type="COMPLEXITY" missed="1" covered="4"/><counter type="METHOD" missed="0" covered="1"/></method><method name="getPosition" desc="()J" line="170"><counter type="INSTRUCTION" missed="0" covered="3"/><counter type="LINE" missed="0" covered="1"/><counter type="COMPLEXITY" missed="0" covered="1"/><counter type="METHOD" missed="0" covered="1"/></method><method name="isClosed" desc="()Z" line="174"><counter type="INSTRUCTION" missed="0" covered="3"/><counter type="LINE" missed="0" covered="1"/><counter type="COMPLEXITY" missed="0" covered="1"/><counter type="METHOD" missed="0" covered="1"/></method><method name="close" desc="()V" line="186"><counter type="INSTRUCTION" missed="0" covered="9"/><counter type="LINE" missed="0" covered="4"/><counter type="COMPLEXITY" missed="0" covered="1"/><counter type="METHOD" missed="0" covered="1"/></method><counter type="INSTRUCTION" missed="25" covered="166"/><counter type="BRANCH" missed="10" covered="22"/><counter type="LINE" missed="3" covered="42"/><counter type="COMPLEXITY" missed="8" covered="18"/><counter type="METHOD" missed="0" covered="10"/><counter type="CLASS" missed="0" covered="1"/></class><class name="org/apache/commons/csv/CSVParser$CSVRecordIterator" sourcefilename="CSVParser.java"><method name="&lt;init&gt;" desc="(Lorg/apache/commons/csv/CSVParser;)V" line="137"><counter type="INSTRUCTION" missed="0" covered="6"/><counter type="LINE" missed="0" covered="1"/><counter type="COMPLEXITY" missed="0" covered="1"/><counter type="METHOD" missed="0" covered="1"/></method><method name="getNextRecord" desc="()Lorg/apache/commons/csv/CSVRecord;" line="142"><counter type="INSTRUCTION" missed="0" covered="23"/><counter type="LINE" missed="0" covered="4"/><counter type="COMPLEXITY" missed="0" covered="1"/><counter type="METHOD" missed="0" covered="1"/></method><method name="hasNext" desc="()Z" line="151"><counter type="INSTRUCTION" missed="0" covered="20"/><counter type="BRANCH" missed="1" covered="5"/><counter type="LINE" missed="0" covered="5"/><counter type="COMPLEXITY" missed="1" covered="3"/><counter type="METHOD" missed="0" covered="1"/></method><method name="next" desc="()Lorg/apache/commons/csv/CSVRecord;" line="163"><counter type="INSTRUCTION" missed="5" covered="24"/><counter type="BRANCH" missed="1" covered="5"/><counter type="LINE" missed="1" covered="8"/><counter type="COMPLEXITY" missed="1" covered="3"/><counter type="METHOD" missed="0" covered="1"/></method><method name="remove" desc="()V" line="182"><counter type="INSTRUCTION" missed="0" covered="4"/><counter type="LINE" missed="0" covered="1"/><counter type="COMPLEXITY" missed="0" covered="1"/><counter type="METHOD" missed="0" covered="1"/></method><counter type="INSTRUCTION" missed="5" covered="77"/><counter type="BRANCH" missed="2" covered="10"/><counter type="LINE" missed="1" covered="19"/><counter type="COMPLEXITY" missed="2" covered="9"/><counter type="METHOD" missed="0" covered="5"/><counter type="CLASS" missed="0" covered="1"/></class><class name="org/apache/commons/csv/CSVRecord" sourcefilename="CSVRecord.java"><method name="&lt;init&gt;" desc="(Lorg/apache/commons/csv/CSVParser;[Ljava/lang/String;Ljava/lang/String;JJ)V" line="52"><counter type="INSTRUCTION" missed="0" covered="22"/><counter type="BRANCH" missed="0" covered="2"/><counter type="LINE" missed="0" covered="7"/><counter type="COMPLEXITY" missed="0" covered="2"/><counter type="METHOD" missed="0" covered="1"/></method><method name="get" desc="(Ljava/lang/Enum;)Ljava/lang/String;" line="68"><counter type="INSTRUCTION" missed="5" covered="0"/><counter type="LINE" missed="1" covered="0"/><counter type="COMPLEXITY" missed="1" covered="0"/><counter type="METHOD" missed="1" covered="0"/></method><method name="get" desc="(I)Ljava/lang/String;" line="79"><counter type="INSTRUCTION" missed="0" covered="5"/><counter type="LINE" missed="0" covered="1"/><counter type="COMPLEXITY" missed="0" covered="1"/><counter type="METHOD" missed="0" covered="1"/></method><method name="get" desc="(Ljava/lang/String;)Ljava/lang/String;" line="96"><counter type="INSTRUCTION" missed="54" covered="10"/><counter type="BRANCH" missed="3" covered="1"/><counter type="LINE" missed="8" covered="3"/><counter type="COMPLEXITY" missed="2" covered="1"/><counter type="METHOD" missed="0" covered="1"/></method><method name="getCharacterPosition" desc="()J" line="122"><counter type="INSTRUCTION" missed="0" covered="3"/><counter type="LINE" missed="0" covered="1"/><counter type="COMPLEXITY" missed="0" covered="1"/><counter type="METHOD" missed="0" covered="1"/></method><method name="getComment" desc="()Ljava/lang/String;" line="134"><counter type="INSTRUCTION" missed="0" covered="3"/><counter type="LINE" missed="0" covered="1"/><counter type="COMPLEXITY" missed="0" covered="1"/><counter type="METHOD" missed="0" covered="1"/></method><method name="getHeaderMapRaw" desc="()Ljava/util/Map;" line="138"><counter type="INSTRUCTION" missed="0" covered="4"/><counter type="LINE" missed="0" covered="1"/><counter type="COMPLEXITY" missed="0" covered="1"/><counter type="METHOD" missed="0" covered="1"/></method><method name="getParser" desc="()Lorg/apache/commons/csv/CSVParser;" line="148"><counter type="INSTRUCTION" missed="0" covered="3"/><counter type="LINE" missed="0" covered="1"/><counter type="COMPLEXITY" missed="0" covered="1"/><counter type="METHOD" missed="0" covered="1"/></method><method name="getRecordNumber" desc="()J" line="163"><counter type="INSTRUCTION" missed="0" covered="3"/><counter type="LINE" missed="0" covered="1"/><counter type="COMPLEXITY" missed="0" covered="1"/><counter type="METHOD" missed="0" covered="1"/></method><method name="hasComment" desc="()Z" line="176"><counter type="INSTRUCTION" missed="0" covered="7"/><counter type="BRANCH" missed="0" covered="2"/><counter type="LINE" missed="0" covered="1"/><counter type="COMPLEXITY" missed="0" covered="2"/><counter type="METHOD" missed="0" covered="1"/></method><method name="isConsistent" desc="()Z" line="190"><counter type="INSTRUCTION" missed="7" covered="8"/><counter type="BRANCH" missed="3" covered="1"/><counter type="LINE" missed="0" covered="2"/><counter type="COMPLEXITY" missed="2" covered="1"/><counter type="METHOD" missed="0" covered="1"/></method><method name="isMapped" desc="(Ljava/lang/String;)Z" line="202"><counter type="INSTRUCTION" missed="6" covered="7"/><counter type="BRANCH" missed="3" covered="1"/><counter type="LINE" missed="0" covered="2"/><counter type="COMPLEXITY" missed="2" covered="1"/><counter type="METHOD" missed="0" covered="1"/></method><method name="isSet" desc="(Ljava/lang/String;)Z" line="214"><counter type="INSTRUCTION" missed="12" covered="6"/><counter type="BRANCH" missed="3" covered="1"/><counter type="LINE" missed="0" covered="1"/><counter type="COMPLEXITY" missed="2" covered="1"/><counter type="METHOD" missed="0" covered="1"/></method><method name="iterator" desc="()Ljava/util/Iterator;" line="224"><counter type="INSTRUCTION" missed="0" covered="4"/><counter type="LINE" missed="0" covered="1"/><counter type="COMPLEXITY" missed="0" covered="1"/><counter type="METHOD" missed="0" covered="1"/></method><method name="putIn" desc="(Ljava/util/Map;)Ljava/util/Map;" line="235"><counter type="INSTRUCTION" missed="34" covered="5"/><counter type="BRANCH" missed="5" covered="1"/><counter type="LINE" missed="6" covered="2"/><counter type="COMPLEXITY" missed="3" covered="1"/><counter type="METHOD" missed="0" covered="1"/></method><method name="size" desc="()I" line="253"><counter type="INSTRUCTION" missed="0" covered="4"/><counter type="LINE" missed="0" covered="1"/><counter type="COMPLEXITY" missed="0" covered="1"/><counter type="METHOD" missed="0" covered="1"/></method><method name="toList" desc="()Ljava/util/List;" line="264"><counter type="INSTRUCTION" missed="0" covered="4"/><counter type="LINE" missed="0" covered="1"/><counter type="COMPLEXITY" missed="0" covered="1"/><counter type="METHOD" missed="0" covered="1"/></method><method name="toMap" desc="()Ljava/util/Map;" line="273"><counter type="INSTRUCTION" missed="0" covered="9"/><counter type="LINE" missed="0" covered="1"/><counter type="COMPLEXITY" missed="0" covered="1"/><counter type="METHOD" missed="0" covered="1"/></method><method name="toString" desc="()Ljava/lang/String;" line="284"><counter type="INSTRUCTION" missed="0" covered="23"/><counter type="LINE" missed="0" covered="2"/><counter type="COMPLEXITY" missed="0" covered="1"/><counter type="METHOD" missed="0" covered="1"/></method><method name="values" desc="()[Ljava/lang/String;" line="289"><counter type="INSTRUCTION" missed="0" covered="3"/><counter type="LINE" missed="0" covered="1"/><counter type="COMPLEXITY" missed="0" covered="1"/><counter type="METHOD" missed="0" covered="1"/></method><method name="&lt;clinit&gt;" desc="()V" line="33"><counter type="INSTRUCTION" missed="0" covered="4"/><counter type="LINE" missed="0" covered="1"/><counter type="COMPLEXITY" missed="0" covered="1"/><counter type="METHOD" missed="0" covered="1"/></method><counter type="INSTRUCTION" missed="118" covered="137"/><counter type="BRANCH" missed="17" covered="9"/><counter type="LINE" missed="15" covered="32"/><counter type="COMPLEXITY" missed="12" covered="22"/><counter type="METHOD" missed="1" covered="20"/><counter type="CLASS" missed="0" covered="1"/></class><class name="org/apache/commons/csv/Token" sourcefilename="Token.java"><method name="&lt;init&gt;" desc="()V" line="27"><counter type="INSTRUCTION" missed="0" covered="12"/><counter type="LINE" missed="0" covered="3"/><counter type="COMPLEXITY" missed="0" covered="1"/><counter type="METHOD" missed="0" covered="1"/></method><method name="reset" desc="()V" line="59"><counter type="INSTRUCTION" missed="0" covered="11"/><counter type="LINE" missed="0" covered="4"/><counter type="COMPLEXITY" missed="0" covered="1"/><counter type="METHOD" missed="0" covered="1"/></method><method name="toString" desc="()Ljava/lang/String;" line="71"><counter type="INSTRUCTION" missed="0" covered="17"/><counter type="LINE" missed="0" covered="1"/><counter type="COMPLEXITY" missed="0" covered="1"/><counter type="METHOD" missed="0" covered="1"/></method><counter type="INSTRUCTION" missed="0" covered="40"/><counter type="LINE" missed="0" covered="8"/><counter type="COMPLEXITY" missed="0" covered="3"/><counter type="METHOD" missed="0" covered="3"/><counter type="CLASS" missed="0" covered="1"/></class><class name="org/apache/commons/csv/Assertions" sourcefilename="Assertions.java"><method name="notNull" desc="(Ljava/lang/Object;Ljava/lang/String;)V" line="34"><counter type="INSTRUCTION" missed="0" covered="17"/><counter type="BRANCH" missed="0" covered="2"/><counter type="LINE" missed="0" covered="3"/><counter type="COMPLEXITY" missed="0" covered="2"/><counter type="METHOD" missed="0" covered="1"/></method><counter type="INSTRUCTION" missed="0" covered="17"/><counter type="BRANCH" missed="0" covered="2"/><counter type="LINE" missed="0" covered="3"/><counter type="COMPLEXITY" missed="0" covered="2"/><counter type="METHOD" missed="0" covered="1"/><counter type="CLASS" missed="0" covered="1"/></class><class name="org/apache/commons/csv/CSVParser$Headers" sourcefilename="CSVParser.java"><method name="&lt;init&gt;" desc="(Ljava/util/Map;Ljava/util/List;)V" line="462"><counter type="INSTRUCTION" missed="0" covered="9"/><counter type="LINE" missed="0" covered="4"/><counter type="COMPLEXITY" missed="0" covered="1"/><counter type="METHOD" missed="0" covered="1"/></method><counter type="INSTRUCTION" missed="0" covered="9"/><counter type="LINE" missed="0" covered="4"/><counter type="COMPLEXITY" missed="0" covered="1"/><counter type="METHOD" missed="0" covered="1"/><counter type="CLASS" missed="0" covered="1"/></class><class name="org/apache/commons/csv/CSVParser" sourcefilename="CSVParser.java"><method name="parse" desc="(Ljava/io/File;Ljava/nio/charset/Charset;Lorg/apache/commons/csv/CSVFormat;)Lorg/apache/commons/csv/CSVParser;" line="203"><counter type="INSTRUCTION" missed="13" covered="6"/><counter type="LINE" missed="1" covered="2"/><counter type="COMPLEXITY" missed="0" covered="1"/><counter type="METHOD" missed="0" covered="1"/></method><method name="parse" desc="(Ljava/io/InputStream;Ljava/nio/charset/Charset;Lorg/apache/commons/csv/CSVFormat;)Lorg/apache/commons/csv/CSVParser;" line="232"><counter type="INSTRUCTION" missed="0" covered="14"/><counter type="LINE" missed="0" covered="3"/><counter type="COMPLEXITY" missed="0" covered="1"/><counter type="METHOD" missed="0" covered="1"/></method><method name="parse" desc="(Ljava/nio/file/Path;Ljava/nio/charset/Charset;Lorg/apache/commons/csv/CSVFormat;)Lorg/apache/commons/csv/CSVParser;" line="254"><counter type="INSTRUCTION" missed="8" covered="6"/><counter type="LINE" missed="1" covered="2"/><counter type="COMPLEXITY" missed="0" covered="1"/><counter type="METHOD" missed="0" covered="1"/></method><method name="parse" desc="(Ljava/io/Reader;Lorg/apache/commons/csv/CSVFormat;)Lorg/apache/commons/csv/CSVParser;" line="279"><counter type="INSTRUCTION" missed="0" covered="6"/><counter type="LINE" missed="0" covered="1"/><counter type="COMPLEXITY" missed="0" covered="1"/><counter type="METHOD" missed="0" covered="1"/></method><method name="parse" desc="(Ljava/lang/String;Lorg/apache/commons/csv/CSVFormat;)Lorg/apache/commons/csv/CSVParser;" line="296"><counter type="INSTRUCTION" missed="0" covered="15"/><counter type="LINE" missed="0" covered="3"/><counter type="COMPLEXITY" missed="0" covered="1"/><counter type="METHOD" missed="0" covered="1"/></method><method name="parse" desc="(Ljava/net/URL;Ljava/nio/charset/Charset;Lorg/apache/commons/csv/CSVFormat;)Lorg/apache/commons/csv/CSVParser;" line="325"><counter type="INSTRUCTION" missed="11" covered="9"/><counter type="LINE" missed="1" covered="3"/><counter type="COMPLEXITY" missed="0" covered="1"/><counter type="METHOD" missed="0" covered="1"/></method><method name="&lt;init&gt;" desc="(Ljava/io/Reader;Lorg/apache/commons/csv/CSVFormat;)V" line="378"><counter type="INSTRUCTION" missed="0" covered="7"/><counter type="LINE" missed="0" covered="2"/><counter type="COMPLEXITY" missed="0" covered="1"/><counter type="METHOD" missed="0" covered="1"/></method><method name="&lt;init&gt;" desc="(Ljava/io/Reader;Lorg/apache/commons/csv/CSVFormat;JJ)V" line="345"><counter type="INSTRUCTION" missed="0" covered="57"/><counter type="LINE" missed="0" covered="14"/><counter type="COMPLEXITY" missed="0" covered="1"/><counter type="METHOD" missed="0" covered="1"/></method><method name="addRecordValue" desc="(Z)V" line="420"><counter type="INSTRUCTION" missed="1" covered="39"/><counter type="BRANCH" missed="1" covered="9"/><counter type="LINE" missed="1" covered="6"/><counter type="COMPLEXITY" missed="1" covered="5"/><counter type="METHOD" missed="0" covered="1"/></method><method name="close" desc="()V" line="437"><counter type="INSTRUCTION" missed="0" covered="7"/><counter type="BRANCH" missed="1" covered="1"/><counter type="LINE" missed="0" covered="3"/><counter type="COMPLEXITY" missed="1" covered="1"/><counter type="METHOD" missed="0" covered="1"/></method><method name="createEmptyHeaderMap" desc="()Ljava/util/Map;" line="443"><counter type="INSTRUCTION" missed="0" covered="13"/><counter type="BRANCH" missed="0" covered="2"/><counter type="LINE" missed="0" covered="1"/><counter type="COMPLEXITY" missed="0" covered="2"/><counter type="METHOD" missed="0" covered="1"/></method><method name="createHeaders" desc="()Lorg/apache/commons/csv/CSVParser$Headers;" line="475"><counter type="INSTRUCTION" missed="44" covered="102"/><counter type="BRANCH" missed="12" covered="22"/><counter type="LINE" missed="7" covered="29"/><counter type="COMPLEXITY" missed="8" covered="10"/><counter type="METHOD" missed="0" covered="1"/></method><method name="getCurrentLineNumber" desc="()J" line="541"><counter type="INSTRUCTION" missed="0" covered="4"/><counter type="LINE" missed="0" covered="1"/><counter type="COMPLEXITY" missed="0" covered="1"/><counter type="METHOD" missed="0" covered="1"/></method><method name="getFirstEndOfLine" desc="()Ljava/lang/String;" line="551"><counter type="INSTRUCTION" missed="0" covered="4"/><counter type="LINE" missed="0" covered="1"/><counter type="COMPLEXITY" missed="0" covered="1"/><counter type="METHOD" missed="0" covered="1"/></method><method name="getHeaderMap" desc="()Ljava/util/Map;" line="562"><counter type="INSTRUCTION" missed="0" covered="14"/><counter type="BRANCH" missed="0" covered="2"/><counter type="LINE" missed="0" covered="5"/><counter type="COMPLEXITY" missed="0" covered="2"/><counter type="METHOD" missed="0" covered="1"/></method><method name="getHeaderMapRaw" desc="()Ljava/util/Map;" line="576"><counter type="INSTRUCTION" missed="0" covered="3"/><counter type="LINE" missed="0" covered="1"/><counter type="COMPLEXITY" missed="0" covered="1"/><counter type="METHOD" missed="0" covered="1"/></method><method name="getHeaderNames" desc="()Ljava/util/List;" line="586"><counter type="INSTRUCTION" missed="0" covered="3"/><counter type="LINE" missed="0" covered="1"/><counter type="COMPLEXITY" missed="0" covered="1"/><counter type="METHOD" missed="0" covered="1"/></method><method name="getRecordNumber" desc="()J" line="600"><counter type="INSTRUCTION" missed="0" covered="3"/><counter type="LINE" missed="0" covered="1"/><counter type="COMPLEXITY" missed="0" covered="1"/><counter type="METHOD" missed="0" covered="1"/></method><method name="getRecords" desc="()Ljava/util/List;" line="617"><counter type="INSTRUCTION" missed="0" covered="16"/><counter type="BRANCH" missed="0" covered="2"/><counter type="LINE" missed="0" covered="4"/><counter type="COMPLEXITY" missed="0" covered="2"/><counter type="METHOD" missed="0" covered="1"/></method><method name="isClosed" desc="()Z" line="630"><counter type="INSTRUCTION" missed="0" covered="4"/><counter type="LINE" missed="0" covered="1"/><counter type="COMPLEXITY" missed="0" covered="1"/><counter type="METHOD" missed="0" covered="1"/></method><method name="iterator" desc="()Ljava/util/Iterator;" line="647"><counter type="INSTRUCTION" missed="0" covered="3"/><counter type="LINE" missed="0" covered="1"/><counter type="COMPLEXITY" missed="0" covered="1"/><counter type="METHOD" missed="0" covered="1"/></method><method name="nextRecord" desc="()Lorg/apache/commons/csv/CSVRecord;" line="658"><counter type="INSTRUCTION" missed="53" covered="85"/><counter type="BRANCH" missed="6" covered="10"/><counter type="LINE" missed="8" covered="19"/><counter type="COMPLEXITY" missed="5" covered="6"/><counter type="METHOD" missed="0" covered="1"/></method><counter type="INSTRUCTION" missed="130" covered="420"/><counter type="BRANCH" missed="20" covered="48"/><counter type="LINE" missed="19" covered="104"/><counter type="COMPLEXITY" missed="15" covered="43"/><counter type="METHOD" missed="0" covered="22"/><counter type="CLASS" missed="0" covered="1"/></class><class name="org/apache/commons/csv/QuoteMode" sourcefilename="QuoteMode.java"><method name="&lt;clinit&gt;" desc="()V" line="22"><counter type="INSTRUCTION" missed="0" covered="54"/><counter type="LINE" missed="0" covered="6"/><counter type="COMPLEXITY" missed="0" covered="1"/><counter type="METHOD" missed="0" covered="1"/></method><counter type="INSTRUCTION" missed="0" covered="54"/><counter type="LINE" missed="0" covered="6"/><counter type="COMPLEXITY" missed="0" covered="1"/><counter type="METHOD" missed="0" covered="1"/><counter type="CLASS" missed="0" covered="1"/></class><class name="org/apache/commons/csv/CSVFormat$Predefined" sourcefilename="CSVFormat.java"><method name="&lt;init&gt;" desc="(Ljava/lang/String;ILorg/apache/commons/csv/CSVFormat;)V" line="238"><counter type="INSTRUCTION" missed="0" covered="8"/><counter type="LINE" missed="0" covered="3"/><counter type="COMPLEXITY" missed="0" covered="1"/><counter type="METHOD" missed="0" covered="1"/></method><method name="getFormat" desc="()Lorg/apache/commons/csv/CSVFormat;" line="248"><counter type="INSTRUCTION" missed="0" covered="3"/><counter type="LINE" missed="0" covered="1"/><counter type="COMPLEXITY" missed="0" covered="1"/><counter type="METHOD" missed="0" covered="1"/></method><method name="&lt;clinit&gt;" desc="()V" line="169"><counter type="INSTRUCTION" missed="0" covered="136"/><counter type="LINE" missed="0" covered="13"/><counter type="COMPLEXITY" missed="0" covered="1"/><counter type="METHOD" missed="0" covered="1"/></method><counter type="INSTRUCTION" missed="0" covered="147"/><counter type="LINE" missed="0" covered="17"/><counter type="COMPLEXITY" missed="0" covered="3"/><counter type="METHOD" missed="0" covered="3"/><counter type="CLASS" missed="0" covered="1"/></class><class name="org/apache/commons/csv/Lexer" sourcefilename="Lexer.java"><method name="getFirstEol" desc="()Ljava/lang/String;" line="64"><counter type="INSTRUCTION" missed="0" covered="3"/><counter type="LINE" missed="0" covered="1"/><counter type="COMPLEXITY" missed="0" covered="1"/><counter type="METHOD" missed="0" covered="1"/></method><method name="&lt;init&gt;" desc="(Lorg/apache/commons/csv/CSVFormat;Lorg/apache/commons/csv/ExtendedBufferedReader;)V" line="67"><counter type="INSTRUCTION" missed="0" covered="36"/><counter type="LINE" missed="0" covered="9"/><counter type="COMPLEXITY" missed="0" covered="1"/><counter type="METHOD" missed="0" covered="1"/></method><method name="nextToken" desc="(Lorg/apache/commons/csv/Token;)Lorg/apache/commons/csv/Token;" line="92"><counter type="INSTRUCTION" missed="70" covered="83"/><counter type="BRANCH" missed="13" covered="23"/><counter type="LINE" missed="19" covered="20"/><counter type="COMPLEXITY" missed="9" covered="10"/><counter type="METHOD" missed="0" covered="1"/></method><method name="parseSimpleToken" desc="(Lorg/apache/commons/csv/Token;I)Lorg/apache/commons/csv/Token;" line="195"><counter type="INSTRUCTION" missed="10" covered="70"/><counter type="BRANCH" missed="2" covered="10"/><counter type="LINE" missed="3" covered="19"/><counter type="COMPLEXITY" missed="2" covered="5"/><counter type="METHOD" missed="0" covered="1"/></method><method name="parseEncapsulatedToken" desc="(Lorg/apache/commons/csv/Token;)Lorg/apache/commons/csv/Token;" line="248"><counter type="INSTRUCTION" missed="135" covered="0"/><counter type="BRANCH" missed="18" covered="0"/><counter type="LINE" missed="27" covered="0"/><counter type="COMPLEXITY" missed="10" covered="0"/><counter type="METHOD" missed="1" covered="0"/></method><method name="mapNullToDisabled" desc="(Ljava/lang/Character;)C" line="298"><counter type="INSTRUCTION" missed="0" covered="7"/><counter type="BRANCH" missed="0" covered="2"/><counter type="LINE" missed="0" covered="1"/><counter type="COMPLEXITY" missed="0" covered="2"/><counter type="METHOD" missed="0" covered="1"/></method><method name="getCurrentLineNumber" desc="()J" line="307"><counter type="INSTRUCTION" missed="0" covered="4"/><counter type="LINE" missed="0" covered="1"/><counter type="COMPLEXITY" missed="0" covered="1"/><counter type="METHOD" missed="0" covered="1"/></method><method name="getCharacterPosition" desc="()J" line="316"><counter type="INSTRUCTION" missed="0" covered="4"/><counter type="LINE" missed="0" covered="1"/><counter type="COMPLEXITY" missed="0" covered="1"/><counter type="METHOD" missed="0" covered="1"/></method><method name="readEscape" desc="()I" line="333"><counter type="INSTRUCTION" missed="14" covered="17"/><counter type="BRANCH" missed="7" covered="3"/><counter type="LINE" missed="7" covered="5"/><counter type="COMPLEXITY" missed="7" covered="2"/><counter type="METHOD" missed="0" covered="1"/></method><method name="trimTrailingSpaces" desc="(Ljava/lang/StringBuilder;)V" line="364"><counter type="INSTRUCTION" missed="8" covered="17"/><counter type="BRANCH" missed="2" covered="4"/><counter type="LINE" missed="2" covered="4"/><counter type="COMPLEXITY" missed="2" covered="2"/><counter type="METHOD" missed="0" covered="1"/></method><method name="readEndOfLine" desc="(I)Z" line="380"><counter type="INSTRUCTION" missed="18" covered="26"/><counter type="BRANCH" missed="8" covered="8"/><counter type="LINE" missed="4" covered="6"/><counter type="COMPLEXITY" missed="6" covered="3"/><counter type="METHOD" missed="0" covered="1"/></method><method name="isClosed" desc="()Z" line="401"><counter type="INSTRUCTION" missed="0" covered="4"/><counter type="LINE" missed="0" covered="1"/><counter type="COMPLEXITY" missed="0" covered="1"/><counter type="METHOD" missed="0" covered="1"/></method><method name="isWhitespace" desc="(I)Z" line="408"><counter type="INSTRUCTION" missed="0" covered="12"/><counter type="BRANCH" missed="1" covered="3"/><counter type="LINE" missed="0" covered="1"/><counter type="COMPLEXITY" missed="1" covered="2"/><counter type="METHOD" missed="0" covered="1"/></method><method name="isStartOfLine" desc="(I)Z" line="418"><counter type="INSTRUCTION" missed="0" covered="13"/><counter type="BRANCH" missed="1" covered="5"/><counter type="LINE" missed="0" covered="1"/><counter type="COMPLEXITY" missed="1" covered="3"/><counter type="METHOD" missed="0" covered="1"/></method><method name="isEndOfFile" desc="(I)Z" line="425"><counter type="INSTRUCTION" missed="0" covered="7"/><counter type="BRANCH" missed="0" covered="2"/><counter type="LINE" missed="0" covered="1"/><counter type="COMPLEXITY" missed="0" covered="2"/><counter type="METHOD" missed="0" covered="1"/></method><method name="isDelimiter" desc="(I)Z" line="429"><counter type="INSTRUCTION" missed="0" covered="8"/><counter type="BRANCH" missed="0" covered="2"/><counter type="LINE" missed="0" covered="1"/><counter type="COMPLEXITY" missed="0" covered="2"/><counter type="METHOD" missed="0" covered="1"/></method><method name="isEscape" desc="(I)Z" line="433"><counter type="INSTRUCTION" missed="0" covered="8"/><counter type="BRANCH" missed="0" covered="2"/><counter type="LINE" missed="0" covered="1"/><counter type="COMPLEXITY" missed="0" covered="2"/><counter type="METHOD" missed="0" covered="1"/></method><method name="isQuoteChar" desc="(I)Z" line="437"><counter type="INSTRUCTION" missed="2" covered="6"/><counter type="BRANCH" missed="1" covered="1"/><counter type="LINE" missed="0" covered="1"/><counter type="COMPLEXITY" missed="1" covered="1"/><counter type="METHOD" missed="0" covered="1"/></method><method name="isCommentStart" desc="(I)Z" line="441"><counter type="INSTRUCTION" missed="2" covered="6"/><counter type="BRANCH" missed="1" covered="1"/><counter type="LINE" missed="0" covered="1"/><counter type="COMPLEXITY" missed="1" covered="1"/><counter type="METHOD" missed="0" covered="1"/></method><method name="isMetaChar" desc="(I)Z" line="445"><counter type="INSTRUCTION" missed="2" covered="18"/><counter type="BRANCH" missed="4" covered="4"/><counter type="LINE" missed="0" covered="1"/><counter type="COMPLEXITY" missed="4" covered="1"/><counter type="METHOD" missed="0" covered="1"/></method><method name="close" desc="()V" line="459"><counter type="INSTRUCTION" missed="0" covered="4"/><counter type="LINE" missed="0" covered="2"/><counter type="COMPLEXITY" missed="0" covered="1"/><counter type="METHOD" missed="0" covered="1"/></method><method name="&lt;clinit&gt;" desc="()V" line="41"><counter type="INSTRUCTION" missed="0" covered="7"/><counter type="LINE" missed="0" covered="2"/><counter type="COMPLEXITY" missed="0" covered="1"/><counter type="METHOD" missed="0" covered="1"/></method><counter type="INSTRUCTION" missed="261" covered="360"/><counter type="BRANCH" missed="58" covered="70"/><counter type="LINE" missed="62" covered="80"/><counter type="COMPLEXITY" missed="44" covered="45"/><counter type="METHOD" missed="1" covered="21"/><counter type="CLASS" missed="0" covered="1"/></class><class name="org/apache/commons/csv/Token$Type" sourcefilename="Token.java"><method name="&lt;clinit&gt;" desc="()V" line="32"><counter type="INSTRUCTION" missed="0" covered="54"/><counter type="LINE" missed="0" covered="6"/><counter type="COMPLEXITY" missed="0" covered="1"/><counter type="METHOD" missed="0" covered="1"/></method><counter type="INSTRUCTION" missed="0" covered="54"/><counter type="LINE" missed="0" covered="6"/><counter type="COMPLEXITY" missed="0" covered="1"/><counter type="METHOD" missed="0" covered="1"/><counter type="CLASS" missed="0" covered="1"/></class><class name="org/apache/commons/csv/CSVFormat" sourcefilename="CSVFormat.java"><method name="isLineBreak" desc="(C)Z" line="639"><counter type="INSTRUCTION" missed="2" covered="8"/><counter type="BRANCH" missed="2" covered="2"/><counter type="LINE" missed="0" covered="1"/><counter type="COMPLEXITY" missed="2" covered="1"/><counter type="METHOD" missed="0" covered="1"/></method><method name="isLineBreak" desc="(Ljava/lang/Character;)Z" line="651"><counter type="INSTRUCTION" missed="2" covered="8"/><counter type="BRANCH" missed="1" covered="3"/><counter type="LINE" missed="0" covered="1"/><counter type="COMPLEXITY" missed="1" covered="2"/><counter type="METHOD" missed="0" covered="1"/></method><method name="newFormat" desc="(C)Lorg/apache/commons/csv/CSVFormat;" line="675"><counter type="INSTRUCTION" missed="0" covered="22"/><counter type="LINE" missed="0" covered="1"/><counter type="COMPLEXITY" missed="0" covered="1"/><counter type="METHOD" missed="0" covered="1"/></method><method name="valueOf" desc="(Ljava/lang/String;)Lorg/apache/commons/csv/CSVFormat;" line="688"><counter type="INSTRUCTION" missed="0" covered="4"/><counter type="LINE" missed="0" covered="1"/><counter type="COMPLEXITY" missed="0" covered="1"/><counter type="METHOD" missed="0" covered="1"/></method><method name="&lt;init&gt;" desc="(CLjava/lang/Character;Lorg/apache/commons/csv/QuoteMode;Ljava/lang/Character;Ljava/lang/Character;ZZLjava/lang/String;Ljava/lang/String;[Ljava/lang/Object;[Ljava/lang/String;ZZZZZZZ)V" line="773"><counter type="INSTRUCTION" missed="0" covered="81"/><counter type="BRANCH" missed="0" covered="2"/><counter type="LINE" missed="0" covered="22"/><counter type="COMPLEXITY" missed="0" covered="2"/><counter type="METHOD" missed="0" covered="1"/></method><method name="equals" desc="(Ljava/lang/Object;)Z" line="798"><counter type="INSTRUCTION" missed="4" covered="140"/><counter type="BRANCH" missed="2" covered="46"/><counter type="LINE" missed="2" covered="43"/><counter type="COMPLEXITY" missed="2" covered="23"/><counter type="METHOD" missed="0" covered="1"/></method><method name="format" desc="([Ljava/lang/Object;)Ljava/lang/String;" line="873"><counter type="INSTRUCTION" missed="6" covered="21"/><counter type="LINE" missed="1" covered="5"/><counter type="COMPLEXITY" missed="0" covered="1"/><counter type="METHOD" missed="0" covered="1"/></method><method name="getAllowDuplicateHeaderNames" desc="()Z" line="890"><counter type="INSTRUCTION" missed="0" covered="3"/><counter type="LINE" missed="0" covered="1"/><counter type="COMPLEXITY" missed="0" covered="1"/><counter type="METHOD" missed="0" covered="1"/></method><method name="getAllowMissingColumnNames" desc="()Z" line="900"><counter type="INSTRUCTION" missed="0" covered="3"/><counter type="LINE" missed="0" covered="1"/><counter type="COMPLEXITY" missed="0" covered="1"/><counter type="METHOD" missed="0" covered="1"/></method><method name="getAutoFlush" desc="()Z" line="910"><counter type="INSTRUCTION" missed="0" covered="3"/><counter type="LINE" missed="0" covered="1"/><counter type="COMPLEXITY" missed="0" covered="1"/><counter type="METHOD" missed="0" covered="1"/></method><method name="getCommentMarker" desc="()Ljava/lang/Character;" line="919"><counter type="INSTRUCTION" missed="0" covered="3"/><counter type="LINE" missed="0" covered="1"/><counter type="COMPLEXITY" missed="0" covered="1"/><counter type="METHOD" missed="0" covered="1"/></method><method name="getDelimiter" desc="()C" line="928"><counter type="INSTRUCTION" missed="0" covered="3"/><counter type="LINE" missed="0" covered="1"/><counter type="COMPLEXITY" missed="0" covered="1"/><counter type="METHOD" missed="0" covered="1"/></method><method name="getEscapeCharacter" desc="()Ljava/lang/Character;" line="937"><counter type="INSTRUCTION" missed="0" covered="3"/><counter type="LINE" missed="0" covered="1"/><counter type="COMPLEXITY" missed="0" covered="1"/><counter type="METHOD" missed="0" covered="1"/></method><method name="getHeader" desc="()[Ljava/lang/String;" line="946"><counter type="INSTRUCTION" missed="0" covered="10"/><counter type="BRANCH" missed="0" covered="2"/><counter type="LINE" missed="0" covered="1"/><counter type="COMPLEXITY" missed="0" covered="2"/><counter type="METHOD" missed="0" covered="1"/></method><method name="getHeaderComments" desc="()[Ljava/lang/String;" line="955"><counter type="INSTRUCTION" missed="0" covered="10"/><counter type="BRANCH" missed="0" covered="2"/><counter type="LINE" missed="0" covered="1"/><counter type="COMPLEXITY" missed="0" covered="2"/><counter type="METHOD" missed="0" covered="1"/></method><method name="getIgnoreEmptyLines" desc="()Z" line="965"><counter type="INSTRUCTION" missed="0" covered="3"/><counter type="LINE" missed="0" covered="1"/><counter type="COMPLEXITY" missed="0" covered="1"/><counter type="METHOD" missed="0" covered="1"/></method><method name="getIgnoreHeaderCase" desc="()Z" line="975"><counter type="INSTRUCTION" missed="0" covered="3"/><counter type="LINE" missed="0" covered="1"/><counter type="COMPLEXITY" missed="0" covered="1"/><counter type="METHOD" missed="0" covered="1"/></method><method name="getIgnoreSurroundingSpaces" desc="()Z" line="984"><counter type="INSTRUCTION" missed="0" covered="3"/><counter type="LINE" missed="0" covered="1"/><counter type="COMPLEXITY" missed="0" covered="1"/><counter type="METHOD" missed="0" covered="1"/></method><method name="getNullString" desc="()Ljava/lang/String;" line="998"><counter type="INSTRUCTION" missed="0" covered="3"/><counter type="LINE" missed="0" covered="1"/><counter type="COMPLEXITY" missed="0" covered="1"/><counter type="METHOD" missed="0" covered="1"/></method><method name="getQuoteCharacter" desc="()Ljava/lang/Character;" line="1007"><counter type="INSTRUCTION" missed="0" covered="3"/><counter type="LINE" missed="0" covered="1"/><counter type="COMPLEXITY" missed="0" covered="1"/><counter type="METHOD" missed="0" covered="1"/></method><method name="getQuoteMode" desc="()Lorg/apache/commons/csv/QuoteMode;" line="1016"><counter type="INSTRUCTION" missed="0" covered="3"/><counter type="LINE" missed="0" covered="1"/><counter type="COMPLEXITY" missed="0" covered="1"/><counter type="METHOD" missed="0" covered="1"/></method><method name="getRecordSeparator" desc="()Ljava/lang/String;" line="1025"><counter type="INSTRUCTION" missed="0" covered="3"/><counter type="LINE" missed="0" covered="1"/><counter type="COMPLEXITY" missed="0" covered="1"/><counter type="METHOD" missed="0" covered="1"/></method><method name="getSkipHeaderRecord" desc="()Z" line="1034"><counter type="INSTRUCTION" missed="0" covered="3"/><counter type="LINE" missed="0" covered="1"/><counter type="COMPLEXITY" missed="0" covered="1"/><counter type="METHOD" missed="0" covered="1"/></method><method name="getTrailingDelimiter" desc="()Z" line="1044"><counter type="INSTRUCTION" missed="0" covered="3"/><counter type="LINE" missed="0" covered="1"/><counter type="COMPLEXITY" missed="0" covered="1"/><counter type="METHOD" missed="0" covered="1"/></method><method name="getTrim" desc="()Z" line="1053"><counter type="INSTRUCTION" missed="0" covered="3"/><counter type="LINE" missed="0" covered="1"/><counter type="COMPLEXITY" missed="0" covered="1"/><counter type="METHOD" missed="0" covered="1"/></method><method name="hashCode" desc="()I" line="1058"><counter type="INSTRUCTION" missed="4" covered="139"/><counter type="BRANCH" missed="2" covered="18"/><counter type="LINE" missed="0" covered="15"/><counter type="COMPLEXITY" missed="2" covered="9"/><counter type="METHOD" missed="0" covered="1"/></method><method name="isCommentMarkerSet" desc="()Z" line="1084"><counter type="INSTRUCTION" missed="0" covered="7"/><counter type="BRANCH" missed="0" covered="2"/><counter type="LINE" missed="0" covered="1"/><counter type="COMPLEXITY" missed="0" covered="2"/><counter type="METHOD" missed="0" covered="1"/></method><method name="isEscapeCharacterSet" desc="()Z" line="1093"><counter type="INSTRUCTION" missed="0" covered="7"/><counter type="BRANCH" missed="0" covered="2"/><counter type="LINE" missed="0" covered="1"/><counter type="COMPLEXITY" missed="0" covered="2"/><counter type="METHOD" missed="0" covered="1"/></method><method name="isNullStringSet" desc="()Z" line="1102"><counter type="INSTRUCTION" missed="0" covered="7"/><counter type="BRANCH" missed="0" covered="2"/><counter type="LINE" missed="0" covered="1"/><counter type="COMPLEXITY" missed="0" covered="2"/><counter type="METHOD" missed="0" covered="1"/></method><method name="isQuoteCharacterSet" desc="()Z" line="1111"><counter type="INSTRUCTION" missed="0" covered="7"/><counter type="BRANCH" missed="0" covered="2"/><counter type="LINE" missed="0" covered="1"/><counter type="COMPLEXITY" missed="0" covered="2"/><counter type="METHOD" missed="0" covered="1"/></method><method name="parse" desc="(Ljava/io/Reader;)Lorg/apache/commons/csv/CSVParser;" line="1128"><counter type="INSTRUCTION" missed="0" covered="6"/><counter type="LINE" missed="0" covered="1"/><counter type="COMPLEXITY" missed="0" covered="1"/><counter type="METHOD" missed="0" covered="1"/></method><method name="print" desc="(Ljava/lang/Appendable;)Lorg/apache/commons/csv/CSVPrinter;" line="1145"><counter type="INSTRUCTION" missed="0" covered="6"/><counter type="LINE" missed="0" covered="1"/><counter type="COMPLEXITY" missed="0" covered="1"/><counter type="METHOD" missed="0" covered="1"/></method><method name="print" desc="(Ljava/io/File;Ljava/nio/charset/Charset;)Lorg/apache/commons/csv/CSVPrinter;" line="1167"><counter type="INSTRUCTION" missed="0" covered="13"/><counter type="LINE" missed="0" covered="1"/><counter type="COMPLEXITY" missed="0" covered="1"/><counter type="METHOD" missed="0" covered="1"/></method><method name="print" desc="(Ljava/lang/Object;Ljava/lang/Appendable;Z)V" line="1188"><counter type="INSTRUCTION" missed="11" covered="46"/><counter type="BRANCH" missed="2" covered="10"/><counter type="LINE" missed="3" covered="12"/><counter type="COMPLEXITY" missed="2" covered="5"/><counter type="METHOD" missed="0" covered="1"/></method><method name="print" desc="(Ljava/lang/Object;Ljava/lang/CharSequence;Ljava/lang/Appendable;Z)V" line="1215"><counter type="INSTRUCTION" missed="0" covered="44"/><counter type="BRANCH" missed="0" covered="8"/><counter type="LINE" missed="0" covered="12"/><counter type="COMPLEXITY" missed="0" covered="5"/><counter type="METHOD" missed="0" covered="1"/></method><method name="print" desc="(Ljava/nio/file/Path;Ljava/nio/charset/Charset;)Lorg/apache/commons/csv/CSVPrinter;" line="1249"><counter type="INSTRUCTION" missed="8" covered="0"/><counter type="LINE" missed="1" covered="0"/><counter type="COMPLEXITY" missed="1" covered="0"/><counter type="METHOD" missed="1" covered="0"/></method><method name="print" desc="(Ljava/io/Reader;Ljava/lang/Appendable;Z)V" line="1254"><counter type="INSTRUCTION" missed="37" covered="0"/><counter type="BRANCH" missed="8" covered="0"/><counter type="LINE" missed="10" covered="0"/><counter type="COMPLEXITY" missed="5" covered="0"/><counter type="METHOD" missed="1" covered="0"/></method><method name="printer" desc="()Lorg/apache/commons/csv/CSVPrinter;" line="1282"><counter type="INSTRUCTION" missed="0" covered="6"/><counter type="LINE" missed="0" covered="1"/><counter type="COMPLEXITY" missed="0" covered="1"/><counter type="METHOD" missed="0" covered="1"/></method><method name="println" desc="(Ljava/lang/Appendable;)V" line="1295"><counter type="INSTRUCTION" missed="0" covered="17"/><counter type="BRANCH" missed="0" covered="4"/><counter type="LINE" missed="0" covered="5"/><counter type="COMPLEXITY" missed="0" covered="3"/><counter type="METHOD" missed="0" covered="1"/></method><method name="printRecord" desc="(Ljava/lang/Appendable;[Ljava/lang/Object;)V" line="1321"><counter type="INSTRUCTION" missed="0" covered="23"/><counter type="BRANCH" missed="0" covered="4"/><counter type="LINE" missed="0" covered="4"/><counter type="COMPLEXITY" missed="0" covered="3"/><counter type="METHOD" missed="0" covered="1"/></method><method name="printWithEscapes" desc="(Ljava/lang/CharSequence;Ljava/lang/Appendable;)V" line="1331"><counter type="INSTRUCTION" missed="32" covered="47"/><counter type="BRANCH" missed="11" covered="7"/><counter type="LINE" missed="9" covered="14"/><counter type="COMPLEXITY" missed="8" covered="2"/><counter type="METHOD" missed="0" covered="1"/></method><method name="printWithEscapes" desc="(Ljava/io/Reader;Ljava/lang/Appendable;)V" line="1367"><counter type="INSTRUCTION" missed="89" covered="0"/><counter type="BRANCH" missed="18" covered="0"/><counter type="LINE" missed="22" covered="0"/><counter type="COMPLEXITY" missed="10" covered="0"/><counter type="METHOD" missed="1" covered="0"/></method><method name="printWithQuotes" desc="(Ljava/lang/Object;Ljava/lang/CharSequence;Ljava/lang/Appendable;Z)V" line="1409"><counter type="INSTRUCTION" missed="42" covered="127"/><counter type="BRANCH" missed="15" covered="22"/><counter type="LINE" missed="12" covered="40"/><counter type="COMPLEXITY" missed="13" covered="8"/><counter type="METHOD" missed="0" covered="1"/></method><method name="printWithQuotes" desc="(Ljava/io/Reader;Ljava/lang/Appendable;)V" line="1520"><counter type="INSTRUCTION" missed="77" covered="0"/><counter type="BRANCH" missed="10" covered="0"/><counter type="LINE" missed="21" covered="0"/><counter type="COMPLEXITY" missed="6" covered="0"/><counter type="METHOD" missed="1" covered="0"/></method><method name="toString" desc="()Ljava/lang/String;" line="1559"><counter type="INSTRUCTION" missed="41" covered="113"/><counter type="BRANCH" missed="4" covered="16"/><counter type="LINE" missed="7" covered="24"/><counter type="COMPLEXITY" missed="4" covered="7"/><counter type="METHOD" missed="0" covered="1"/></method><method name="toStringArray" desc="([Ljava/lang/Object;)[Ljava/lang/String;" line="1603"><counter type="INSTRUCTION" missed="0" covered="31"/><counter type="BRANCH" missed="0" covered="6"/><counter type="LINE" missed="0" covered="7"/><counter type="COMPLEXITY" missed="0" covered="4"/><counter type="METHOD" missed="0" covered="1"/></method><method name="trim" desc="(Ljava/lang/CharSequence;)Ljava/lang/CharSequence;" line="1615"><counter type="INSTRUCTION" missed="41" covered="7"/><counter type="BRANCH" missed="13" covered="1"/><counter type="LINE" missed="8" covered="2"/><counter type="COMPLEXITY" missed="7" covered="1"/><counter type="METHOD" missed="0" covered="1"/></method><method name="validate" desc="()V" line="1637"><counter type="INSTRUCTION" missed="5" covered="183"/><counter type="BRANCH" missed="1" covered="31"/><counter type="LINE" missed="1" covered="20"/><counter type="COMPLEXITY" missed="1" covered="16"/><counter type="METHOD" missed="0" covered="1"/></method><method name="withAllowDuplicateHeaderNames" desc="()Lorg/apache/commons/csv/CSVFormat;" line="1689"><counter type="INSTRUCTION" missed="0" covered="4"/><counter type="LINE" missed="0" covered="1"/><counter type="COMPLEXITY" missed="0" covered="1"/><counter type="METHOD" missed="0" covered="1"/></method><method name="withAllowDuplicateHeaderNames" desc="(Z)Lorg/apache/commons/csv/CSVFormat;" line="1700"><counter type="INSTRUCTION" missed="0" covered="39"/><counter type="LINE" missed="0" covered="1"/><counter type="COMPLEXITY" missed="0" covered="1"/><counter type="METHOD" missed="0" covered="1"/></method><method name="withAllowMissingColumnNames" desc="()Lorg/apache/commons/csv/CSVFormat;" line="1714"><counter type="INSTRUCTION" missed="0" covered="4"/><counter type="LINE" missed="0" covered="1"/><counter type="COMPLEXITY" missed="0" covered="1"/><counter type="METHOD" missed="0" covered="1"/></method><method name="withAllowMissingColumnNames" desc="(Z)Lorg/apache/commons/csv/CSVFormat;" line="1726"><counter type="INSTRUCTION" missed="0" covered="39"/><counter type="LINE" missed="0" covered="1"/><counter type="COMPLEXITY" missed="0" covered="1"/><counter type="METHOD" missed="0" covered="1"/></method><method name="withAutoFlush" desc="(Z)Lorg/apache/commons/csv/CSVFormat;" line="1742"><counter type="INSTRUCTION" missed="0" covered="39"/><counter type="LINE" missed="0" covered="1"/><counter type="COMPLEXITY" missed="0" covered="1"/><counter type="METHOD" missed="0" covered="1"/></method><method name="withCommentMarker" desc="(C)Lorg/apache/commons/csv/CSVFormat;" line="1760"><counter type="INSTRUCTION" missed="0" covered="5"/><counter type="LINE" missed="0" covered="1"/><counter type="COMPLEXITY" missed="0" covered="1"/><counter type="METHOD" missed="0" covered="1"/></method><method name="withCommentMarker" desc="(Ljava/lang/Character;)Lorg/apache/commons/csv/CSVFormat;" line="1775"><counter type="INSTRUCTION" missed="5" covered="42"/><counter type="BRANCH" missed="1" covered="1"/><counter type="LINE" missed="1" covered="2"/><counter type="COMPLEXITY" missed="1" covered="1"/><counter type="METHOD" missed="0" covered="1"/></method><method name="withDelimiter" desc="(C)Lorg/apache/commons/csv/CSVFormat;" line="1794"><counter type="INSTRUCTION" missed="5" covered="42"/><counter type="BRANCH" missed="1" covered="1"/><counter type="LINE" missed="1" covered="2"/><counter type="COMPLEXITY" missed="1" covered="1"/><counter type="METHOD" missed="0" covered="1"/></method><method name="withEscape" desc="(C)Lorg/apache/commons/csv/CSVFormat;" line="1813"><counter type="INSTRUCTION" missed="0" covered="5"/><counter type="LINE" missed="0" covered="1"/><counter type="COMPLEXITY" missed="0" covered="1"/><counter type="METHOD" missed="0" covered="1"/></method><method name="withEscape" desc="(Ljava/lang/Character;)Lorg/apache/commons/csv/CSVFormat;" line="1826"><counter type="INSTRUCTION" missed="5" covered="42"/><counter type="BRANCH" missed="1" covered="1"/><counter type="LINE" missed="1" covered="2"/><counter type="COMPLEXITY" missed="1" covered="1"/><counter type="METHOD" missed="0" covered="1"/></method><method name="withFirstRecordAsHeader" desc="()Lorg/apache/commons/csv/CSVFormat;" line="1852"><counter type="INSTRUCTION" missed="0" covered="6"/><counter type="LINE" missed="0" covered="1"/><counter type="COMPLEXITY" missed="0" covered="1"/><counter type="METHOD" missed="0" covered="1"/></method><method name="withHeader" desc="(Ljava/lang/Class;)Lorg/apache/commons/csv/CSVFormat;" line="1883"><counter type="INSTRUCTION" missed="0" covered="31"/><counter type="BRANCH" missed="1" covered="3"/><counter type="LINE" missed="0" covered="7"/><counter type="COMPLEXITY" missed="1" covered="2"/><counter type="METHOD" missed="0" covered="1"/></method><method name="withHeader" desc="(Ljava/sql/ResultSet;)Lorg/apache/commons/csv/CSVFormat;" line="1921"><counter type="INSTRUCTION" missed="0" covered="9"/><counter type="BRANCH" missed="0" covered="2"/><counter type="LINE" missed="0" covered="1"/><counter type="COMPLEXITY" missed="0" covered="2"/><counter type="METHOD" missed="0" covered="1"/></method><method name="withHeader" desc="(Ljava/sql/ResultSetMetaData;)Lorg/apache/commons/csv/CSVFormat;" line="1951"><counter type="INSTRUCTION" missed="10" covered="19"/><counter type="BRANCH" missed="1" covered="3"/><counter type="LINE" missed="1" covered="6"/><counter type="COMPLEXITY" missed="1" covered="2"/><counter type="METHOD" missed="0" covered="1"/></method><method name="withHeader" desc="([Ljava/lang/String;)Lorg/apache/commons/csv/CSVFormat;" line="1986"><counter type="INSTRUCTION" missed="0" covered="39"/><counter type="LINE" missed="0" covered="1"/><counter type="COMPLEXITY" missed="0" covered="1"/><counter type="METHOD" missed="0" covered="1"/></method><method name="withHeaderComments" desc="([Ljava/lang/Object;)Lorg/apache/commons/csv/CSVFormat;" line="2008"><counter type="INSTRUCTION" missed="0" covered="39"/><counter type="LINE" missed="0" covered="1"/><counter type="COMPLEXITY" missed="0" covered="1"/><counter type="METHOD" missed="0" covered="1"/></method><method name="withIgnoreEmptyLines" desc="()Lorg/apache/commons/csv/CSVFormat;" line="2022"><counter type="INSTRUCTION" missed="0" covered="4"/><counter type="LINE" missed="0" covered="1"/><counter type="COMPLEXITY" missed="0" covered="1"/><counter type="METHOD" missed="0" covered="1"/></method><method name="withIgnoreEmptyLines" desc="(Z)Lorg/apache/commons/csv/CSVFormat;" line="2034"><counter type="INSTRUCTION" missed="0" covered="39"/><counter type="LINE" missed="0" covered="1"/><counter type="COMPLEXITY" missed="0" covered="1"/><counter type="METHOD" missed="0" covered="1"/></method><method name="withIgnoreHeaderCase" desc="()Lorg/apache/commons/csv/CSVFormat;" line="2048"><counter type="INSTRUCTION" missed="0" covered="4"/><counter type="LINE" missed="0" covered="1"/><counter type="COMPLEXITY" missed="0" covered="1"/><counter type="METHOD" missed="0" covered="1"/></method><method name="withIgnoreHeaderCase" desc="(Z)Lorg/apache/commons/csv/CSVFormat;" line="2061"><counter type="INSTRUCTION" missed="0" covered="39"/><counter type="LINE" missed="0" covered="1"/><counter type="COMPLEXITY" missed="0" covered="1"/><counter type="METHOD" missed="0" covered="1"/></method><method name="withIgnoreSurroundingSpaces" desc="()Lorg/apache/commons/csv/CSVFormat;" line="2075"><counter type="INSTRUCTION" missed="0" covered="4"/><counter type="LINE" missed="0" covered="1"/><counter type="COMPLEXITY" missed="0" covered="1"/><counter type="METHOD" missed="0" covered="1"/></method><method name="withIgnoreSurroundingSpaces" desc="(Z)Lorg/apache/commons/csv/CSVFormat;" line="2087"><counter type="INSTRUCTION" missed="0" covered="39"/><counter type="LINE" missed="0" covered="1"/><counter type="COMPLEXITY" missed="0" covered="1"/><counter type="METHOD" missed="0" covered="1"/></method><method name="withNullString" desc="(Ljava/lang/String;)Lorg/apache/commons/csv/CSVFormat;" line="2107"><counter type="INSTRUCTION" missed="0" covered="39"/><counter type="LINE" missed="0" covered="1"/><counter type="COMPLEXITY" missed="0" covered="1"/><counter type="METHOD" missed="0" covered="1"/></method><method name="withQuote" desc="(C)Lorg/apache/commons/csv/CSVFormat;" line="2123"><counter type="INSTRUCTION" missed="0" covered="5"/><counter type="LINE" missed="0" covered="1"/><counter type="COMPLEXITY" missed="0" covered="1"/><counter type="METHOD" missed="0" covered="1"/></method><method name="withQuote" desc="(Ljava/lang/Character;)Lorg/apache/commons/csv/CSVFormat;" line="2136"><counter type="INSTRUCTION" missed="5" covered="42"/><counter type="BRANCH" missed="1" covered="1"/><counter type="LINE" missed="1" covered="2"/><counter type="COMPLEXITY" missed="1" covered="1"/><counter type="METHOD" missed="0" covered="1"/></method><method name="withQuoteMode" desc="(Lorg/apache/commons/csv/QuoteMode;)Lorg/apache/commons/csv/CSVFormat;" line="2154"><counter type="INSTRUCTION" missed="0" covered="39"/><counter type="LINE" missed="0" covered="1"/><counter type="COMPLEXITY" missed="0" covered="1"/><counter type="METHOD" missed="0" covered="1"/></method><method name="withRecordSeparator" desc="(C)Lorg/apache/commons/csv/CSVFormat;" line="2174"><counter type="INSTRUCTION" missed="0" covered="5"/><counter type="LINE" missed="0" covered="1"/><counter type="COMPLEXITY" missed="0" covered="1"/><counter type="METHOD" missed="0" covered="1"/></method><method name="withRecordSeparator" desc="(Ljava/lang/String;)Lorg/apache/commons/csv/CSVFormat;" line="2193"><counter type="INSTRUCTION" missed="0" covered="39"/><counter type="LINE" missed="0" covered="1"/><counter type="COMPLEXITY" missed="0" covered="1"/><counter type="METHOD" missed="0" covered="1"/></method><method name="withSkipHeaderRecord" desc="()Lorg/apache/commons/csv/CSVFormat;" line="2208"><counter type="INSTRUCTION" missed="0" covered="4"/><counter type="LINE" missed="0" covered="1"/><counter type="COMPLEXITY" missed="0" covered="1"/><counter type="METHOD" missed="0" covered="1"/></method><method name="withSkipHeaderRecord" desc="(Z)Lorg/apache/commons/csv/CSVFormat;" line="2221"><counter type="INSTRUCTION" missed="0" covered="39"/><counter type="LINE" missed="0" covered="1"/><counter type="COMPLEXITY" missed="0" covered="1"/><counter type="METHOD" missed="0" covered="1"/></method><method name="withSystemRecordSeparator" desc="()Lorg/apache/commons/csv/CSVFormat;" line="2240"><counter type="INSTRUCTION" missed="0" covered="5"/><counter type="LINE" missed="0" covered="1"/><counter type="COMPLEXITY" missed="0" covered="1"/><counter type="METHOD" missed="0" covered="1"/></method><method name="withTrailingDelimiter" desc="()Lorg/apache/commons/csv/CSVFormat;" line="2250"><counter type="INSTRUCTION" missed="0" covered="4"/><counter type="LINE" missed="0" covered="1"/><counter type="COMPLEXITY" missed="0" covered="1"/><counter type="METHOD" missed="0" covered="1"/></method><method name="withTrailingDelimiter" desc="(Z)Lorg/apache/commons/csv/CSVFormat;" line="2263"><counter type="INSTRUCTION" missed="0" covered="39"/><counter type="LINE" missed="0" covered="1"/><counter type="COMPLEXITY" missed="0" covered="1"/><counter type="METHOD" missed="0" covered="1"/></method><method name="withTrim" desc="()Lorg/apache/commons/csv/CSVFormat;" line="2276"><counter type="INSTRUCTION" missed="0" covered="4"/><counter type="LINE" missed="0" covered="1"/><counter type="COMPLEXITY" missed="0" covered="1"/><counter type="METHOD" missed="0" covered="1"/></method><method name="withTrim" desc="(Z)Lorg/apache/commons/csv/CSVFormat;" line="2289"><counter type="INSTRUCTION" missed="0" covered="39"/><counter type="LINE" missed="0" covered="1"/><counter type="COMPLEXITY" missed="0" covered="1"/><counter type="METHOD" missed="0" covered="1"/></method><method name="&lt;clinit&gt;" desc="()V" line="268"><counter type="INSTRUCTION" missed="0" covered="143"/><counter type="LINE" missed="0" covered="62"/><counter type="COMPLEXITY" missed="0" covered="1"/><counter type="METHOD" missed="0" covered="1"/></method><counter type="INSTRUCTION" missed="431" covered="2167"/><counter type="BRANCH" missed="95" covered="204"/><counter type="LINE" missed="102" covered="367"/><counter type="COMPLEXITY" missed="70" covered="165"/><counter type="METHOD" missed="4" covered="80"/><counter type="CLASS" missed="0" covered="1"/></class><class name="org/apache/commons/csv/IOUtils" sourcefilename="IOUtils.java"><method name="&lt;init&gt;" desc="()V" line="25"><counter type="INSTRUCTION" missed="0" covered="3"/><counter type="LINE" missed="0" covered="1"/><counter type="COMPLEXITY" missed="0" covered="1"/><counter type="METHOD" missed="0" covered="1"/></method><method name="copy" desc="(Ljava/io/Reader;Ljava/lang/Appendable;)J" line="60"><counter type="INSTRUCTION" missed="0" covered="6"/><counter type="LINE" missed="0" covered="1"/><counter type="COMPLEXITY" missed="0" covered="1"/><counter type="METHOD" missed="0" covered="1"/></method><method name="copy" desc="(Ljava/io/Reader;Ljava/lang/Appendable;Ljava/nio/CharBuffer;)J" line="79"><counter type="INSTRUCTION" missed="12" covered="14"/><counter type="BRANCH" missed="0" covered="2"/><counter type="LINE" missed="2" covered="4"/><counter type="COMPLEXITY" missed="0" covered="2"/><counter type="METHOD" missed="0" covered="1"/></method><method name="copyLarge" desc="(Ljava/io/Reader;Ljava/io/Writer;)J" line="108"><counter type="INSTRUCTION" missed="0" covered="6"/><counter type="LINE" missed="0" covered="1"/><counter type="COMPLEXITY" missed="0" covered="1"/><counter type="METHOD" missed="0" covered="1"/></method><method name="copyLarge" desc="(Ljava/io/Reader;Ljava/io/Writer;[C)J" line="130"><counter type="INSTRUCTION" missed="0" covered="22"/><counter type="BRANCH" missed="0" covered="2"/><counter type="LINE" missed="0" covered="5"/><counter type="COMPLEXITY" missed="0" covered="2"/><counter type="METHOD" missed="0" covered="1"/></method><counter type="INSTRUCTION" missed="12" covered="51"/><counter type="BRANCH" missed="0" covered="4"/><counter type="LINE" missed="2" covered="12"/><counter type="COMPLEXITY" missed="0" covered="7"/><counter type="METHOD" missed="0" covered="5"/><counter type="CLASS" missed="0" covered="1"/></class><class name="org/apache/commons/csv/CSVPrinter" sourcefilename="CSVPrinter.java"><method name="&lt;init&gt;" desc="(Ljava/lang/Appendable;Lorg/apache/commons/csv/CSVFormat;)V" line="76"><counter type="INSTRUCTION" missed="0" covered="54"/><counter type="BRANCH" missed="0" covered="10"/><counter type="LINE" missed="0" covered="13"/><counter type="COMPLEXITY" missed="0" covered="6"/><counter type="METHOD" missed="0" covered="1"/></method><method name="close" desc="()V" line="120"><counter type="INSTRUCTION" missed="0" covered="4"/><counter type="LINE" missed="0" covered="2"/><counter type="COMPLEXITY" missed="0" covered="1"/><counter type="METHOD" missed="0" covered="1"/></method><method name="close" desc="(Z)V" line="132"><counter type="INSTRUCTION" missed="0" covered="17"/><counter type="BRANCH" missed="0" covered="6"/><counter type="LINE" missed="0" covered="5"/><counter type="COMPLEXITY" missed="0" covered="4"/><counter type="METHOD" missed="0" covered="1"/></method><method name="flush" desc="()V" line="148"><counter type="INSTRUCTION" missed="0" covered="9"/><counter type="BRANCH" missed="0" covered="2"/><counter type="LINE" missed="0" covered="3"/><counter type="COMPLEXITY" missed="0" covered="2"/><counter type="METHOD" missed="0" covered="1"/></method><method name="getOut" desc="()Ljava/lang/Appendable;" line="159"><counter type="INSTRUCTION" missed="0" covered="3"/><counter type="LINE" missed="0" covered="1"/><counter type="COMPLEXITY" missed="0" covered="1"/><counter type="METHOD" missed="0" covered="1"/></method><method name="print" desc="(Ljava/lang/Object;)V" line="171"><counter type="INSTRUCTION" missed="0" covered="12"/><counter type="LINE" missed="0" covered="3"/><counter type="COMPLEXITY" missed="0" covered="1"/><counter type="METHOD" missed="0" covered="1"/></method><method name="printComment" desc="(Ljava/lang/String;)V" line="197"><counter type="INSTRUCTION" missed="70" covered="5"/><counter type="BRANCH" missed="12" covered="1"/><counter type="LINE" missed="16" covered="2"/><counter type="COMPLEXITY" missed="7" covered="1"/><counter type="METHOD" missed="0" covered="1"/></method><method name="println" desc="()V" line="233"><counter type="INSTRUCTION" missed="0" covered="9"/><counter type="LINE" missed="0" covered="3"/><counter type="COMPLEXITY" missed="0" covered="1"/><counter type="METHOD" missed="0" covered="1"/></method><method name="printRecord" desc="(Ljava/lang/Iterable;)V" line="251"><counter type="INSTRUCTION" missed="0" covered="16"/><counter type="BRANCH" missed="0" covered="2"/><counter type="LINE" missed="0" covered="5"/><counter type="COMPLEXITY" missed="0" covered="2"/><counter type="METHOD" missed="0" covered="1"/></method><method name="printRecord" desc="([Ljava/lang/Object;)V" line="271"><counter type="INSTRUCTION" missed="0" covered="10"/><counter type="LINE" missed="0" covered="3"/><counter type="COMPLEXITY" missed="0" covered="1"/><counter type="METHOD" missed="0" covered="1"/></method><method name="printRecords" desc="(Ljava/lang/Iterable;)V" line="315"><counter type="INSTRUCTION" missed="6" covered="30"/><counter type="BRANCH" missed="1" covered="5"/><counter type="LINE" missed="1" covered="7"/><counter type="COMPLEXITY" missed="1" covered="3"/><counter type="METHOD" missed="0" covered="1"/></method><method name="printRecords" desc="([Ljava/lang/Object;)V" line="366"><counter type="INSTRUCTION" missed="0" covered="5"/><counter type="LINE" missed="0" covered="2"/><counter type="COMPLEXITY" missed="0" covered="1"/><counter type="METHOD" missed="0" covered="1"/></method><method name="printRecords" desc="(Ljava/sql/ResultSet;)V" line="380"><counter type="INSTRUCTION" missed="16" covered="16"/><counter type="BRANCH" missed="3" covered="3"/><counter type="LINE" missed="2" covered="5"/><counter type="COMPLEXITY" missed="2" covered="2"/><counter type="METHOD" missed="0" covered="1"/></method><counter type="INSTRUCTION" missed="92" covered="190"/><counter type="BRANCH" missed="16" covered="29"/><counter type="LINE" missed="19" covered="54"/><counter type="COMPLEXITY" missed="10" covered="26"/><counter type="METHOD" missed="0" covered="13"/><counter type="CLASS" missed="0" covered="1"/></class><sourcefile name="IOUtils.java"><line nr="25" mi="0" ci="3" mb="0" cb="0"/><line nr="60" mi="0" ci="6" mb="0" cb="0"/><line nr="79" mi="0" ci="2" mb="0" cb="0"/><line nr="81" mi="0" ci="7" mb="0" cb="2"/><line nr="82" mi="0" ci="3" mb="0" cb="0"/><line nr="83" mi="6" ci="0" mb="0" cb="0"/><line nr="84" mi="6" ci="0" mb="0" cb="0"/><line nr="86" mi="0" ci="2" mb="0" cb="0"/><line nr="108" mi="0" ci="6" mb="0" cb="0"/><line nr="130" mi="0" ci="2" mb="0" cb="0"/><line nr="132" mi="0" ci="7" mb="0" cb="2"/><line nr="133" mi="0" ci="5" mb="0" cb="0"/><line nr="134" mi="0" ci="6" mb="0" cb="0"/><line nr="136" mi="0" ci="2" mb="0" cb="0"/><counter type="INSTRUCTION" missed="12" covered="51"/><counter type="BRANCH" missed="0" covered="4"/><counter type="LINE" missed="2" covered="12"/><counter type="COMPLEXITY" missed="0" covered="7"/><counter type="METHOD" missed="0" covered="5"/><counter type="CLASS" missed="0" covered="1"/></sourcefile><sourcefile name="QuoteMode.java"><line nr="22" mi="0" ci="24" mb="0" cb="0"/><line nr="27" mi="0" ci="6" mb="0" cb="0"/><line nr="32" mi="0" ci="6" mb="0" cb="0"/><line nr="38" mi="0" ci="6" mb="0" cb="0"/><line nr="43" mi="0" ci="6" mb="0" cb="0"/><line nr="49" mi="0" ci="6" mb="0" cb="0"/><counter type="INSTRUCTION" missed="0" covered="54"/><counter type="LINE" missed="0" covered="6"/><counter type="COMPLEXITY" missed="0" covered="1"/><counter type="METHOD" missed="0" covered="1"/><counter type="CLASS" missed="0" covered="1"/></sourcefile><sourcefile name="ExtendedBufferedReader.java"><line nr="39" mi="0" ci="3" mb="0" cb="0"/><line nr="53" mi="0" ci="3" mb="0" cb="0"/><line nr="54" mi="0" ci="1" mb="0" cb="0"/><line nr="58" mi="0" ci="3" mb="0" cb="0"/><line nr="59" mi="0" ci="10" mb="2" cb="4"/><line nr="60" mi="0" ci="6" mb="0" cb="0"/><line nr="62" mi="0" ci="3" mb="0" cb="0"/><line nr="63" mi="0" ci="6" mb="0" cb="0"/><line nr="64" mi="0" ci="3" mb="0" cb="0"/><line nr="76" mi="0" ci="3" mb="0" cb="0"/><line nr="81" mi="0" ci="2" mb="0" cb="2"/><line nr="82" mi="0" ci="2" mb="0" cb="0"/><line nr="85" mi="0" ci="6" mb="0" cb="0"/><line nr="87" mi="0" ci="2" mb="0" cb="2"/><line nr="89" mi="0" ci="9" mb="0" cb="2"/><line nr="90" mi="0" ci="4" mb="0" cb="0"/><line nr="91" mi="0" ci="3" mb="1" cb="1"/><line nr="92" mi="12" ci="0" mb="4" cb="0"/><line nr="93" mi="7" ci="0" mb="0" cb="0"/><line nr="95" mi="0" ci="3" mb="1" cb="1"/><line nr="96" mi="6" ci="0" mb="0" cb="0"/><line nr="100" mi="0" ci="10" mb="0" cb="0"/><line nr="102" mi="0" ci="3" mb="1" cb="1"/><line nr="103" mi="0" ci="3" mb="0" cb="0"/><line nr="106" mi="0" ci="7" mb="0" cb="0"/><line nr="107" mi="0" ci="2" mb="0" cb="0"/><line nr="122" mi="0" ci="3" mb="0" cb="0"/><line nr="124" mi="0" ci="2" mb="0" cb="2"/><line nr="125" mi="0" ci="3" mb="0" cb="0"/><line nr="126" mi="0" ci="7" mb="0" cb="0"/><line nr="128" mi="0" ci="3" mb="0" cb="0"/><line nr="131" mi="0" ci="2" mb="0" cb="0"/><line nr="144" mi="0" ci="3" mb="0" cb="0"/><line nr="145" mi="0" ci="3" mb="0" cb="0"/><line nr="146" mi="0" ci="2" mb="0" cb="0"/><line nr="148" mi="0" ci="2" mb="0" cb="0"/><line nr="158" mi="0" ci="16" mb="1" cb="7"/><line nr="159" mi="0" ci="3" mb="0" cb="0"/><line nr="161" mi="0" ci="5" mb="0" cb="0"/><line nr="170" mi="0" ci="3" mb="0" cb="0"/><line nr="174" mi="0" ci="3" mb="0" cb="0"/><line nr="186" mi="0" ci="3" mb="0" cb="0"/><line nr="187" mi="0" ci="3" mb="0" cb="0"/><line nr="188" mi="0" ci="2" mb="0" cb="0"/><line nr="189" mi="0" ci="1" mb="0" cb="0"/><counter type="INSTRUCTION" missed="25" covered="166"/><counter type="BRANCH" missed="10" covered="22"/><counter type="LINE" missed="3" covered="42"/><counter type="COMPLEXITY" missed="8" covered="18"/><counter type="METHOD" missed="0" covered="10"/><counter type="CLASS" missed="0" covered="1"/></sourcefile><sourcefile name="CSVParser.java"><line nr="137" mi="0" ci="6" mb="0" cb="0"/><line nr="142" mi="0" ci="4" mb="0" cb="0"/><line nr="143" mi="0" ci="1" mb="0" cb="0"/><line nr="144" mi="0" ci="6" mb="0" cb="0"/><line nr="145" mi="0" ci="12" mb="0" cb="0"/><line nr="151" mi="0" ci="4" mb="0" cb="2"/><line nr="152" mi="0" ci="2" mb="0" cb="0"/><line nr="154" mi="0" ci="3" mb="1" cb="1"/><line nr="155" mi="0" ci="4" mb="0" cb="0"/><line nr="158" mi="0" ci="7" mb="0" cb="2"/><line nr="163" mi="0" ci="4" mb="1" cb="1"/><line nr="164" mi="5" ci="0" mb="0" cb="0"/><line nr="166" mi="0" ci="3" mb="0" cb="0"/><line nr="167" mi="0" ci="3" mb="0" cb="0"/><line nr="169" mi="0" ci="2" mb="0" cb="2"/><line nr="171" mi="0" ci="3" mb="0" cb="0"/><line nr="172" mi="0" ci="2" mb="0" cb="2"/><line nr="173" mi="0" ci="5" mb="0" cb="0"/><line nr="177" mi="0" ci="2" mb="0" cb="0"/><line nr="182" mi="0" ci="4" mb="0" cb="0"/><line nr="203" mi="0" ci="3" mb="0" cb="0"/><line nr="204" mi="0" ci="3" mb="0" cb="0"/><line nr="205" mi="13" ci="0" mb="0" cb="0"/><line nr="232" mi="0" ci="3" mb="0" cb="0"/><line nr="233" mi="0" ci="3" mb="0" cb="0"/><line nr="234" mi="0" ci="8" mb="0" cb="0"/><line nr="254" mi="0" ci="3" mb="0" cb="0"/><line nr="255" mi="0" ci="3" mb="0" cb="0"/><line nr="256" mi="8" ci="0" mb="0" cb="0"/><line nr="279" mi="0" ci="6" mb="0" cb="0"/><line nr="296" mi="0" ci="3" mb="0" cb="0"/><line nr="297" mi="0" ci="3" mb="0" cb="0"/><line nr="299" mi="0" ci="9" mb="0" cb="0"/><line nr="325" mi="0" ci="3" mb="0" cb="0"/><line nr="326" mi="0" ci="3" mb="0" cb="0"/><line nr="327" mi="0" ci="3" mb="0" cb="0"/><line nr="329" mi="11" ci="0" mb="0" cb="0"/><line nr="345" mi="0" ci="5" mb="0" cb="0"/><line nr="358" mi="0" ci="5" mb="0" cb="0"/><line nr="378" mi="0" ci="6" mb="0" cb="0"/><line nr="379" mi="0" ci="1" mb="0" cb="0"/><line nr="405" mi="0" ci="2" mb="0" cb="0"/><line nr="406" mi="0" ci="3" mb="0" cb="0"/><line nr="407" mi="0" ci="3" mb="0" cb="0"/><line nr="409" mi="0" ci="3" mb="0" cb="0"/><line nr="410" mi="0" ci="10" mb="0" cb="0"/><line nr="411" mi="0" ci="6" mb="0" cb="0"/><line nr="412" mi="0" ci="3" mb="0" cb="0"/><line nr="413" mi="0" ci="4" mb="0" cb="0"/><line nr="414" mi="0" ci="4" mb="0" cb="0"/><line nr="415" mi="0" ci="3" mb="0" cb="0"/><line nr="416" mi="0" ci="5" mb="0" cb="0"/><line nr="417" mi="0" ci="1" mb="0" cb="0"/><line nr="420" mi="0" ci="5" mb="0" cb="0"/><line nr="421" mi="0" ci="9" mb="0" cb="2"/><line nr="422" mi="0" ci="9" mb="1" cb="5"/><line nr="423" mi="1" ci="0" mb="0" cb="0"/><line nr="425" mi="0" ci="4" mb="0" cb="0"/><line nr="426" mi="0" ci="11" mb="0" cb="2"/><line nr="427" mi="0" ci="1" mb="0" cb="0"/><line nr="437" mi="0" ci="3" mb="1" cb="1"/><line nr="438" mi="0" ci="3" mb="0" cb="0"/><line nr="440" mi="0" ci="1" mb="0" cb="0"/><line nr="443" mi="0" ci="13" mb="0" cb="2"/><line nr="462" mi="0" ci="2" mb="0" cb="0"/><line nr="463" mi="0" ci="3" mb="0" cb="0"/><line nr="464" mi="0" ci="3" mb="0" cb="0"/><line nr="465" mi="0" ci="1" mb="0" cb="0"/><line nr="475" mi="0" ci="2" mb="0" cb="0"/><line nr="476" mi="0" ci="2" mb="0" cb="0"/><line nr="477" mi="0" ci="4" mb="0" cb="0"/><line nr="478" mi="0" ci="2" mb="0" cb="2"/><line nr="479" mi="0" ci="3" mb="0" cb="0"/><line nr="480" mi="0" ci="2" mb="0" cb="0"/><line nr="481" mi="0" ci="3" mb="0" cb="2"/><line nr="483" mi="0" ci="3" mb="0" cb="0"/><line nr="484" mi="0" ci="2" mb="0" cb="2"/><line nr="485" mi="0" ci="3" mb="0" cb="0"/><line nr="487" mi="0" ci="1" mb="0" cb="0"/><line nr="488" mi="0" ci="4" mb="0" cb="2"/><line nr="489" mi="0" ci="3" mb="0" cb="0"/><line nr="491" mi="0" ci="2" mb="0" cb="0"/><line nr="495" mi="0" ci="2" mb="0" cb="2"/><line nr="496" mi="0" ci="8" mb="0" cb="2"/><line nr="497" mi="0" ci="4" mb="0" cb="0"/><line nr="498" mi="2" ci="6" mb="1" cb="1"/><line nr="499" mi="0" ci="10" mb="1" cb="3"/><line nr="500" mi="0" ci="2" mb="1" cb="1"/><line nr="501" mi="6" ci="0" mb="4" cb="0"/><line nr="502" mi="12" ci="0" mb="0" cb="0"/><line nr="503" mi="3" ci="0" mb="0" cb="0"/><line nr="505" mi="2" ci="0" mb="0" cb="0"/><line nr="507" mi="6" ci="0" mb="4" cb="0"/><line nr="508" mi="8" ci="0" mb="0" cb="0"/><line nr="509" mi="5" ci="0" mb="0" cb="0"/><line nr="512" mi="0" ci="2" mb="1" cb="1"/><line nr="513" mi="0" ci="6" mb="0" cb="0"/><line nr="514" mi="0" ci="2" mb="0" cb="2"/><line nr="515" mi="0" ci="6" mb="0" cb="0"/><line nr="517" mi="0" ci="4" mb="0" cb="0"/><line nr="522" mi="0" ci="2" mb="0" cb="2"/><line nr="523" mi="0" ci="3" mb="0" cb="0"/><line nr="525" mi="0" ci="3" mb="0" cb="0"/><line nr="527" mi="0" ci="6" mb="0" cb="0"/><line nr="541" mi="0" ci="4" mb="0" cb="0"/><line nr="551" mi="0" ci="4" mb="0" cb="0"/><line nr="562" mi="0" ci="3" mb="0" cb="2"/><line nr="563" mi="0" ci="2" mb="0" cb="0"/><line nr="565" mi="0" ci="3" mb="0" cb="0"/><line nr="566" mi="0" ci="4" mb="0" cb="0"/><line nr="567" mi="0" ci="2" mb="0" cb="0"/><line nr="576" mi="0" ci="3" mb="0" cb="0"/><line nr="586" mi="0" ci="3" mb="0" cb="0"/><line nr="600" mi="0" ci="3" mb="0" cb="0"/><line nr="617" mi="0" ci="4" mb="0" cb="0"/><line nr="618" mi="0" ci="5" mb="0" cb="2"/><line nr="619" mi="0" ci="5" mb="0" cb="0"/><line nr="621" mi="0" ci="2" mb="0" cb="0"/><line nr="630" mi="0" ci="4" mb="0" cb="0"/><line nr="647" mi="0" ci="3" mb="0" cb="0"/><line nr="658" mi="0" ci="2" mb="0" cb="0"/><line nr="659" mi="0" ci="3" mb="0" cb="0"/><line nr="660" mi="0" ci="2" mb="0" cb="0"/><line nr="661" mi="0" ci="7" mb="0" cb="0"/><line nr="663" mi="0" ci="3" mb="0" cb="0"/><line nr="664" mi="0" ci="6" mb="0" cb="0"/><line nr="665" mi="0" ci="7" mb="3" cb="3"/><line nr="667" mi="0" ci="3" mb="0" cb="0"/><line nr="668" mi="0" ci="1" mb="0" cb="0"/><line nr="670" mi="0" ci="3" mb="0" cb="0"/><line nr="671" mi="0" ci="1" mb="0" cb="0"/><line nr="673" mi="0" ci="4" mb="0" cb="2"/><line nr="674" mi="0" ci="4" mb="0" cb="0"/><line nr="678" mi="15" ci="0" mb="0" cb="0"/><line nr="680" mi="2" ci="0" mb="2" cb="0"/><line nr="681" mi="5" ci="0" mb="0" cb="0"/><line nr="683" mi="4" ci="0" mb="0" cb="0"/><line nr="685" mi="6" ci="0" mb="0" cb="0"/><line nr="686" mi="4" ci="0" mb="0" cb="0"/><line nr="687" mi="1" ci="0" mb="0" cb="0"/><line nr="689" mi="14" ci="0" mb="0" cb="0"/><line nr="691" mi="0" ci="5" mb="0" cb="2"/><line nr="693" mi="0" ci="4" mb="0" cb="2"/><line nr="694" mi="0" ci="6" mb="0" cb="0"/><line nr="695" mi="2" ci="5" mb="1" cb="1"/><line nr="696" mi="0" ci="17" mb="0" cb="0"/><line nr="699" mi="0" ci="2" mb="0" cb="0"/><counter type="INSTRUCTION" missed="135" covered="506"/><counter type="BRANCH" missed="22" covered="58"/><counter type="LINE" missed="20" covered="127"/><counter type="COMPLEXITY" missed="17" covered="53"/><counter type="METHOD" missed="0" covered="28"/><counter type="CLASS" missed="0" covered="3"/></sourcefile><sourcefile name="CSVRecord.java"><line nr="33" mi="0" ci="4" mb="0" cb="0"/><line nr="52" mi="0" ci="2" mb="0" cb="0"/><line nr="53" mi="0" ci="3" mb="0" cb="0"/><line nr="54" mi="0" ci="7" mb="0" cb="2"/><line nr="55" mi="0" ci="3" mb="0" cb="0"/><line nr="56" mi="0" ci="3" mb="0" cb="0"/><line nr="57" mi="0" ci="3" mb="0" cb="0"/><line nr="58" mi="0" ci="1" mb="0" cb="0"/><line nr="68" mi="5" ci="0" mb="0" cb="0"/><line nr="79" mi="0" ci="5" mb="0" cb="0"/><line nr="96" mi="0" ci="3" mb="0" cb="0"/><line nr="97" mi="0" ci="2" mb="1" cb="1"/><line nr="98" mi="0" ci="5" mb="0" cb="0"/><line nr="101" mi="5" ci="0" mb="0" cb="0"/><line nr="102" mi="2" ci="0" mb="2" cb="0"/><line nr="103" mi="15" ci="0" mb="0" cb="0"/><line nr="104" mi="2" ci="0" mb="0" cb="0"/><line nr="107" mi="6" ci="0" mb="0" cb="0"/><line nr="108" mi="1" ci="0" mb="0" cb="0"/><line nr="109" mi="21" ci="0" mb="0" cb="0"/><line nr="111" mi="2" ci="0" mb="0" cb="0"/><line nr="122" mi="0" ci="3" mb="0" cb="0"/><line nr="134" mi="0" ci="3" mb="0" cb="0"/><line nr="138" mi="0" ci="4" mb="0" cb="0"/><line nr="148" mi="0" ci="3" mb="0" cb="0"/><line nr="163" mi="0" ci="3" mb="0" cb="0"/><line nr="176" mi="0" ci="7" mb="0" cb="2"/><line nr="190" mi="0" ci="3" mb="0" cb="0"/><line nr="191" mi="7" ci="5" mb="3" cb="1"/><line nr="202" mi="0" ci="3" mb="0" cb="0"/><line nr="203" mi="6" ci="4" mb="3" cb="1"/><line nr="214" mi="12" ci="6" mb="3" cb="1"/><line nr="224" mi="0" ci="4" mb="0" cb="0"/><line nr="235" mi="0" ci="3" mb="1" cb="1"/><line nr="236" mi="0" ci="2" mb="0" cb="0"/><line nr="238" mi="12" ci="0" mb="2" cb="0"/><line nr="239" mi="5" ci="0" mb="0" cb="0"/><line nr="240" mi="5" ci="0" mb="2" cb="0"/><line nr="241" mi="9" ci="0" mb="0" cb="0"/><line nr="243" mi="1" ci="0" mb="0" cb="0"/><line nr="244" mi="2" ci="0" mb="0" cb="0"/><line nr="253" mi="0" ci="4" mb="0" cb="0"/><line nr="264" mi="0" ci="4" mb="0" cb="0"/><line nr="273" mi="0" ci="9" mb="0" cb="0"/><line nr="284" mi="0" ci="17" mb="0" cb="0"/><line nr="285" mi="0" ci="6" mb="0" cb="0"/><line nr="289" mi="0" ci="3" mb="0" cb="0"/><counter type="INSTRUCTION" missed="118" covered="137"/><counter type="BRANCH" missed="17" covered="9"/><counter type="LINE" missed="15" covered="32"/><counter type="COMPLEXITY" missed="12" covered="22"/><counter type="METHOD" missed="1" covered="20"/><counter type="CLASS" missed="0" covered="1"/></sourcefile><sourcefile name="Token.java"><line nr="27" mi="0" ci="2" mb="0" cb="0"/><line nr="32" mi="0" ci="24" mb="0" cb="0"/><line nr="34" mi="0" ci="6" mb="0" cb="0"/><line nr="37" mi="0" ci="6" mb="0" cb="0"/><line nr="40" mi="0" ci="6" mb="0" cb="0"/><line nr="43" mi="0" ci="6" mb="0" cb="0"/><line nr="46" mi="0" ci="6" mb="0" cb="0"/><line nr="50" mi="0" ci="3" mb="0" cb="0"/><line nr="53" mi="0" ci="7" mb="0" cb="0"/><line nr="59" mi="0" ci="4" mb="0" cb="0"/><line nr="60" mi="0" ci="3" mb="0" cb="0"/><line nr="61" mi="0" ci="3" mb="0" cb="0"/><line nr="62" mi="0" ci="1" mb="0" cb="0"/><line nr="71" mi="0" ci="17" mb="0" cb="0"/><counter type="INSTRUCTION" missed="0" covered="94"/><counter type="LINE" missed="0" covered="14"/><counter type="COMPLEXITY" missed="0" covered="4"/><counter type="METHOD" missed="0" covered="4"/><counter type="CLASS" missed="0" covered="2"/></sourcefile><sourcefile name="Lexer.java"><line nr="41" mi="0" ci="3" mb="0" cb="0"/><line nr="42" mi="0" ci="4" mb="0" cb="0"/><line nr="64" mi="0" ci="3" mb="0" cb="0"/><line nr="67" mi="0" ci="2" mb="0" cb="0"/><line nr="68" mi="0" ci="3" mb="0" cb="0"/><line nr="69" mi="0" ci="4" mb="0" cb="0"/><line nr="70" mi="0" ci="6" mb="0" cb="0"/><line nr="71" mi="0" ci="6" mb="0" cb="0"/><line nr="72" mi="0" ci="6" mb="0" cb="0"/><line nr="73" mi="0" ci="4" mb="0" cb="0"/><line nr="74" mi="0" ci="4" mb="0" cb="0"/><line nr="75" mi="0" ci="1" mb="0" cb="0"/><line nr="92" mi="0" ci="4" mb="0" cb="0"/><line nr="95" mi="0" ci="4" mb="0" cb="0"/><line nr="100" mi="0" ci="4" mb="0" cb="0"/><line nr="103" mi="0" ci="3" mb="0" cb="2"/><line nr="104" mi="4" ci="2" mb="3" cb="1"/><line nr="106" mi="2" ci="0" mb="0" cb="0"/><line nr="107" mi="4" ci="0" mb="0" cb="0"/><line nr="108" mi="4" ci="0" mb="0" cb="0"/><line nr="110" mi="4" ci="0" mb="2" cb="0"/><line nr="111" mi="3" ci="0" mb="0" cb="0"/><line nr="113" mi="2" ci="0" mb="0" cb="0"/><line nr="119" mi="0" ci="12" mb="0" cb="6"/><line nr="120" mi="0" ci="3" mb="0" cb="0"/><line nr="122" mi="0" ci="2" mb="0" cb="0"/><line nr="125" mi="0" ci="8" mb="1" cb="3"/><line nr="126" mi="4" ci="0" mb="0" cb="0"/><line nr="127" mi="2" ci="0" mb="2" cb="0"/><line nr="128" mi="3" ci="0" mb="0" cb="0"/><line nr="130" mi="2" ci="0" mb="0" cb="0"/><line nr="132" mi="3" ci="0" mb="0" cb="0"/><line nr="133" mi="5" ci="0" mb="0" cb="0"/><line nr="134" mi="3" ci="0" mb="0" cb="0"/><line nr="135" mi="2" ci="0" mb="0" cb="0"/><line nr="139" mi="0" ci="4" mb="0" cb="2"/><line nr="141" mi="0" ci="3" mb="0" cb="2"/><line nr="142" mi="2" ci="4" mb="3" cb="1"/><line nr="143" mi="4" ci="0" mb="0" cb="0"/><line nr="144" mi="5" ci="0" mb="0" cb="0"/><line nr="149" mi="0" ci="4" mb="0" cb="2"/><line nr="151" mi="0" ci="4" mb="0" cb="0"/><line nr="152" mi="0" ci="2" mb="0" cb="2"/><line nr="155" mi="0" ci="4" mb="0" cb="0"/><line nr="156" mi="0" ci="4" mb="1" cb="1"/><line nr="158" mi="5" ci="0" mb="0" cb="0"/><line nr="159" mi="0" ci="4" mb="1" cb="1"/><line nr="162" mi="3" ci="0" mb="0" cb="0"/><line nr="163" mi="4" ci="0" mb="0" cb="0"/><line nr="167" mi="0" ci="6" mb="0" cb="0"/><line nr="170" mi="0" ci="2" mb="0" cb="0
[...]
37" mi="0" ci="3" mb="0" cb="0"/><line nr="946" mi="0" ci="10" mb="0" cb="2"/><line nr="955" mi="0" ci="10" mb="0" cb="2"/><line nr="965" mi="0" ci="3" mb="0" cb="0"/><line nr="975" mi="0" ci="3" mb="0" cb="0"/><line nr="984" mi="0" ci="3" mb="0" cb="0"/><line nr="998" mi="0" ci="3" mb="0" cb="0"/><line nr="1007" mi="0" ci="3" mb="0" cb="0"/><line nr="1016" mi="0" ci="3" mb="0" cb="0"/><line nr="1025" mi="0" ci="3" mb="0" cb="0"/><line nr="1034" mi="0" ci="3" mb="0" cb="0"/><line nr="1044" mi="0" ci="3" mb="0" cb="0"/><line nr="1053" mi="0" ci="3" mb="0" cb="0"/><line nr="1058" mi="0" ci="2" mb="0" cb="0"/><line nr="1059" mi="0" ci="2" mb="0" cb="0"/><line nr="1061" mi="0" ci="7" mb="0" cb="0"/><line nr="1062" mi="0" ci="13" mb="0" cb="2"/><line nr="1063" mi="0" ci="13" mb="0" cb="2"/><line nr="1064" mi="0" ci="13" mb="0" cb="2"/><line nr="1065" mi="0" ci="13" mb="0" cb="2"/><line nr="1066" mi="0" ci="13" mb="0" cb="2"/><line nr="1067" mi="0" ci="11" mb="0" cb="2"/><line nr="1068" mi="2" ci="9" mb="1" cb="1"/><line nr="1069" mi="0" ci="11" mb="0" cb="2"/><line nr="1070" mi="2" ci="9" mb="1" cb="1"/><line nr="1071" mi="0" ci="13" mb="0" cb="2"/><line nr="1072" mi="0" ci="8" mb="0" cb="0"/><line nr="1073" mi="0" ci="2" mb="0" cb="0"/><line nr="1084" mi="0" ci="7" mb="0" cb="2"/><line nr="1093" mi="0" ci="7" mb="0" cb="2"/><line nr="1102" mi="0" ci="7" mb="0" cb="2"/><line nr="1111" mi="0" ci="7" mb="0" cb="2"/><line nr="1128" mi="0" ci="6" mb="0" cb="0"/><line nr="1145" mi="0" ci="6" mb="0" cb="0"/><line nr="1167" mi="0" ci="13" mb="0" cb="0"/><line nr="1188" mi="0" ci="2" mb="0" cb="2"/><line nr="1190" mi="0" ci="4" mb="0" cb="2"/><line nr="1191" mi="0" ci="3" mb="0" cb="0"/><line nr="1193" mi="0" ci="4" mb="1" cb="1"/><line nr="1194" mi="4" ci="0" mb="0" cb="0"/><line nr="1196" mi="0" ci="4" mb="0" cb="0"/><line nr="1200" mi="0" ci="3" mb="0" cb="2"/><line nr="1201" mi="0" ci="4" mb="0" cb="0"/><line nr="1202" mi="0" ci="3" mb="1" cb="1"/><line nr="1203" mi="6" ci="0" mb="0" cb="0"/><line nr="1204" mi="1" ci="0" mb="0" cb="0"/><line nr="1206" mi="0" ci="3" mb="0" cb="0"/><line nr="1209" mi="0" ci="9" mb="0" cb="2"/><line nr="1210" mi="0" ci="6" mb="0" cb="0"/><line nr="1211" mi="0" ci="1" mb="0" cb="0"/><line nr="1215" mi="0" ci="2" mb="0" cb="0"/><line nr="1216" mi="0" ci="3" mb="0" cb="0"/><line nr="1217" mi="0" ci="2" mb="0" cb="2"/><line nr="1218" mi="0" ci="5" mb="0" cb="0"/><line nr="1220" mi="0" ci="2" mb="0" cb="2"/><line nr="1221" mi="0" ci="5" mb="0" cb="0"/><line nr="1222" mi="0" ci="3" mb="0" cb="2"/><line nr="1224" mi="0" ci="7" mb="0" cb="0"/><line nr="1225" mi="0" ci="3" mb="0" cb="2"/><line nr="1226" mi="0" ci="5" mb="0" cb="0"/><line nr="1228" mi="0" ci="6" mb="0" cb="0"/><line nr="1230" mi="0" ci="1" mb="0" cb="0"/><line nr="1249" mi="8" ci="0" mb="0" cb="0"/><line nr="1254" mi="2" ci="0" mb="2" cb="0"/><line nr="1255" mi="5" ci="0" mb="0" cb="0"/><line nr="1257" mi="3" ci="0" mb="2" cb="0"/><line nr="1258" mi="5" ci="0" mb="0" cb="0"/><line nr="1259" mi="3" ci="0" mb="2" cb="0"/><line nr="1260" mi="5" ci="0" mb="0" cb="0"/><line nr="1261" mi="3" ci="0" mb="2" cb="0"/><line nr="1262" mi="6" ci="0" mb="0" cb="0"/><line nr="1264" mi="4" ci="0" mb="0" cb="0"/><line nr="1267" mi="1" ci="0" mb="0" cb="0"/><line nr="1282" mi="0" ci="6" mb="0" cb="0"/><line nr="1295" mi="0" ci="3" mb="0" cb="2"/><line nr="1296" mi="0" ci="5" mb="0" cb="0"/><line nr="1298" mi="0" ci="3" mb="0" cb="2"/><line nr="1299" mi="0" ci="5" mb="0" cb="0"/><line nr="1301" mi="0" ci="1" mb="0" cb="0"/><line nr="1321" mi="0" ci="8" mb="0" cb="2"/><line nr="1322" mi="0" ci="11" mb="0" cb="2"/><line nr="1324" mi="0" ci="3" mb="0" cb="0"/><line nr="1325" mi="0" ci="1" mb="0" cb="0"/><line nr="1331" mi="0" ci="2" mb="0" cb="0"/><line nr="1332" mi="0" ci="2" mb="0" cb="0"/><line nr="1333" mi="0" ci="3" mb="0" cb="0"/><line nr="1334" mi="0" ci="2" mb="0" cb="0"/><line nr="1336" mi="0" ci="3" mb="0" cb="0"/><line nr="1337" mi="0" ci="4" mb="0" cb="0"/><line nr="1339" mi="0" ci="3" mb="0" cb="2"/><line nr="1340" mi="0" ci="4" mb="0" cb="0"/><line nr="1341" mi="0" ci="12" mb="4" cb="4"/><line nr="1343" mi="3" ci="0" mb="2" cb="0"/><line nr="1344" mi="6" ci="0" mb="0" cb="0"/><line nr="1346" mi="3" ci="0" mb="2" cb="0"/><line nr="1347" mi="3" ci="0" mb="0" cb="0"/><line nr="1348" mi="3" ci="0" mb="2" cb="0"/><line nr="1349" mi="2" ci="0" mb="0" cb="0"/><line nr="1352" mi="4" ci="0" mb="0" cb="0"/><line nr="1353" mi="4" ci="0" mb="0" cb="0"/><line nr="1355" mi="4" ci="0" mb="0" cb="0"/><line nr="1357" mi="0" ci="1" mb="0" cb="0"/><line nr="1358" mi="0" ci="1" mb="0" cb="0"/><line nr="1361" mi="0" ci="3" mb="1" cb="1"/><line nr="1362" mi="0" ci="6" mb="0" cb="0"/><line nr="1364" mi="0" ci="1" mb="0" cb="0"/><line nr="1367" mi="2" ci="0" mb="0" cb="0"/><line nr="1368" mi="2" ci="0" mb="0" cb="0"/><line nr="1370" mi="3" ci="0" mb="0" cb="0"/><line nr="1371" mi="4" ci="0" mb="0" cb="0"/><line nr="1372" mi="5" ci="0" mb="0" cb="0"/><line nr="1375" mi="6" ci="0" mb="2" cb="0"/><line nr="1376" mi="5" ci="0" mb="0" cb="0"/><line nr="1377" mi="12" ci="0" mb="8" cb="0"/><line nr="1379" mi="3" ci="0" mb="2" cb="0"/><line nr="1380" mi="7" ci="0" mb="0" cb="0"/><line nr="1381" mi="3" ci="0" mb="0" cb="0"/><line nr="1383" mi="3" ci="0" mb="2" cb="0"/><line nr="1384" mi="3" ci="0" mb="0" cb="0"/><line nr="1385" mi="3" ci="0" mb="2" cb="0"/><line nr="1386" mi="2" ci="0" mb="0" cb="0"/><line nr="1389" mi="4" ci="0" mb="0" cb="0"/><line nr="1390" mi="5" ci="0" mb="0" cb="0"/><line nr="1392" mi="4" ci="0" mb="0" cb="0"/><line nr="1394" mi="2" ci="0" mb="0" cb="0"/><line nr="1398" mi="3" ci="0" mb="2" cb="0"/><line nr="1399" mi="7" ci="0" mb="0" cb="0"/><line nr="1401" mi="1" ci="0" mb="0" cb="0"/><line nr="1409" mi="0" ci="2" mb="0" cb="0"/><line nr="1410" mi="0" ci="2" mb="0" cb="0"/><line nr="1411" mi="0" ci="2" mb="0" cb="0"/><line nr="1412" mi="0" ci="3" mb="0" cb="0"/><line nr="1413" mi="0" ci="2" mb="0" cb="0"/><line nr="1415" mi="0" ci="3" mb="0" cb="0"/><line nr="1416" mi="0" ci="4" mb="0" cb="0"/><line nr="1418" mi="0" ci="3" mb="0" cb="0"/><line nr="1419" mi="0" ci="2" mb="0" cb="2"/><line nr="1420" mi="0" ci="2" mb="0" cb="0"/><line nr="1422" mi="0" ci="5" mb="3" cb="2"/><line nr="1425" mi="0" ci="2" mb="0" cb="0"/><line nr="1426" mi="0" ci="1" mb="0" cb="0"/><line nr="1428" mi="7" ci="0" mb="2" cb="0"/><line nr="1429" mi="1" ci="0" mb="0" cb="0"/><line nr="1432" mi="4" ci="0" mb="0" cb="0"/><line nr="1433" mi="1" ci="0" mb="0" cb="0"/><line nr="1435" mi="0" ci="2" mb="1" cb="1"/><line nr="1440" mi="2" ci="0" mb="2" cb="0"/><line nr="1441" mi="3" ci="0" mb="0" cb="0"/><line nr="1444" mi="0" ci="4" mb="0" cb="0"/><line nr="1446" mi="0" ci="3" mb="0" cb="2"/><line nr="1450" mi="0" ci="3" mb="0" cb="0"/><line nr="1452" mi="0" ci="3" mb="0" cb="2"/><line nr="1453" mi="0" ci="4" mb="0" cb="0"/><line nr="1454" mi="0" ci="12" mb="4" cb="4"/><line nr="1455" mi="2" ci="0" mb="0" cb="0"/><line nr="1456" mi="1" ci="0" mb="0" cb="0"/><line nr="1458" mi="0" ci="2" mb="0" cb="0"/><line nr="1461" mi="0" ci="2" mb="1" cb="1"/><line nr="1462" mi="0" ci="4" mb="0" cb="0"/><line nr="1463" mi="0" ci="4" mb="0" cb="0"/><line nr="1466" mi="0" ci="3" mb="1" cb="1"/><line nr="1467" mi="2" ci="0" mb="0" cb="0"/><line nr="1473" mi="0" ci="2" mb="0" cb="2"/><line nr="1475" mi="0" ci="6" mb="0" cb="0"/><line nr="1476" mi="0" ci="1" mb="0" cb="0"/><line nr="1480" mi="12" ci="0" mb="0" cb="0"/><line nr="1483" mi="0" ci="2" mb="1" cb="1"/><line nr="1485" mi="6" ci="0" mb="0" cb="0"/><line nr="1486" mi="1" ci="0" mb="0" cb="0"/><line nr="1490" mi="0" ci="4" mb="0" cb="0"/><line nr="1494" mi="0" ci="3" mb="0" cb="2"/><line nr="1495" mi="0" ci="4" mb="0" cb="0"/><line nr="1496" mi="0" ci="3" mb="0" cb="2"/><line nr="1500" mi="0" ci="8" mb="0" cb="0"/><line nr="1503" mi="0" ci="2" mb="0" cb="0"/><line nr="1505" mi="0" ci="1" mb="0" cb="0"/><line nr="1506" mi="0" ci="1" mb="0" cb="0"/><line nr="1509" mi="0" ci="6" mb="0" cb="0"/><line nr="1510" mi="0" ci="4" mb="0" cb="0"/><line nr="1511" mi="0" ci="1" mb="0" cb="0"/><line nr="1520" mi="4" ci="0" mb="2" cb="0"/><line nr="1521" mi="4" ci="0" mb="0" cb="0"/><line nr="1522" mi="1" ci="0" mb="0" cb="0"/><line nr="1525" mi="2" ci="0" mb="0" cb="0"/><line nr="1527" mi="4" ci="0" mb="0" cb="0"/><line nr="1528" mi="5" ci="0" mb="0" cb="0"/><line nr="1530" mi="4" ci="0" mb="0" cb="0"/><line nr="1533" mi="6" ci="0" mb="2" cb="0"/><line nr="1534" mi="5" ci="0" mb="0" cb="0"/><line nr="1535" mi="3" ci="0" mb="2" cb="0"/><line nr="1537" mi="2" ci="0" mb="2" cb="0"/><line nr="1538" mi="7" ci="0" mb="0" cb="0"/><line nr="1539" mi="3" ci="0" mb="0" cb="0"/><line nr="1540" mi="2" ci="0" mb="0" cb="0"/><line nr="1543" mi="4" ci="0" mb="0" cb="0"/><line nr="1544" mi="5" ci="0" mb="0" cb="0"/><line nr="1546" mi="2" ci="0" mb="0" cb="0"/><line nr="1550" mi="2" ci="0" mb="2" cb="0"/><line nr="1551" mi="7" ci="0" mb="0" cb="0"/><line nr="1554" mi="4" ci="0" mb="0" cb="0"/><line nr="1555" mi="1" ci="0" mb="0" cb="0"/><line nr="1559" mi="0" ci="4" mb="0" cb="0"/><line nr="1560" mi="0" ci="9" mb="0" cb="0"/><line nr="1561" mi="0" ci="3" mb="0" cb="2"/><line nr="1562" mi="0" ci="4" mb="0" cb="0"/><line nr="1563" mi="0" ci="9" mb="0" cb="0"/><line nr="1565" mi="0" ci="3" mb="0" cb="2"/><line nr="1566" mi="0" ci="4" mb="0" cb="0"/><line nr="1567" mi="0" ci="9" mb="0" cb="0"/><line nr="1569" mi="0" ci="3" mb="1" cb="1"/><line nr="1570" mi="4" ci="0" mb="0" cb="0"/><line nr="1571" mi="9" ci="0" mb="0" cb="0"/><line nr="1573" mi="0" ci="3" mb="0" cb="2"/><line nr="1574" mi="0" ci="4" mb="0" cb="0"/><line nr="1575" mi="0" ci="9" mb="0" cb="0"/><line nr="1577" mi="0" ci="3" mb="0" cb="2"/><line nr="1578" mi="0" ci="4" mb="0" cb="0"/><line nr="1579" mi="0" ci="9" mb="0" cb="0"/><line nr="1581" mi="0" ci="3" mb="0" cb="2"/><line nr="1582" mi="0" ci="4" mb="0" cb="0"/><line nr="1584" mi="0" ci="3" mb="0" cb="2"/><line nr="1585" mi="0" ci="4" mb="0" cb="0"/><line nr="1587" mi="0" ci="3" mb="1" cb="1"/><line nr="1588" mi="4" ci="0" mb="0" cb="0"/><line nr="1590" mi="0" ci="7" mb="0" cb="0"/><line nr="1591" mi="0" ci="3" mb="1" cb="1"/><line nr="1592" mi="4" ci="0" mb="0" cb="0"/><line nr="1593" mi="8" ci="0" mb="0" cb="0"/><line nr="1595" mi="0" ci="3" mb="1" cb="1"/><line nr="1596" mi="4" ci="0" mb="0" cb="0"/><line nr="1597" mi="8" ci="0" mb="0" cb="0"/><line nr="1599" mi="0" ci="3" mb="0" cb="0"/><line nr="1603" mi="0" ci="2" mb="0" cb="2"/><line nr="1604" mi="0" ci="2" mb="0" cb="0"/><line nr="1606" mi="0" ci="4" mb="0" cb="0"/><line nr="1607" mi="0" ci="8" mb="0" cb="2"/><line nr="1608" mi="0" ci="4" mb="0" cb="0"/><line nr="1609" mi="0" ci="9" mb="0" cb="2"/><line nr="1611" mi="0" ci="2" mb="0" cb="0"/><line nr="1615" mi="0" ci="3" mb="1" cb="1"/><line nr="1616" mi="0" ci="4" mb="0" cb="0"/><line nr="1618" mi="3" ci="0" mb="0" cb="0"/><line nr="1619" mi="2" ci="0" mb="0" cb="0"/><line nr="1620" mi="2" ci="0" mb="0" cb="0"/><line nr="1622" mi="8" ci="0" mb="4" cb="0"/><line nr="1623" mi="2" ci="0" mb="0" cb="0"/><line nr="1625" mi="10" ci="0" mb="4" cb="0"/><line nr="1626" mi="2" ci="0" mb="0" cb="0"/><line nr="1628" mi="12" ci="0" mb="4" cb="0"/><line nr="1637" mi="0" ci="4" mb="1" cb="1"/><line nr="1638" mi="5" ci="0" mb="0" cb="0"/><line nr="1641" mi="0" ci="9" mb="0" cb="4"/><line nr="1642" mi="0" ci="15" mb="0" cb="0"/><line nr="1646" mi="0" ci="9" mb="0" cb="4"/><line nr="1647" mi="0" ci="15" mb="0" cb="0"/><line nr="1651" mi="0" ci="9" mb="0" cb="4"/><line nr="1652" mi="0" ci="15" mb="0" cb="0"/><line nr="1656" mi="0" ci="9" mb="0" cb="4"/><line nr="1657" mi="0" ci="15" mb="0" cb="0"/><line nr="1661" mi="0" ci="9" mb="0" cb="4"/><line nr="1662" mi="0" ci="15" mb="0" cb="0"/><line nr="1666" mi="0" ci="7" mb="0" cb="4"/><line nr="1667" mi="0" ci="5" mb="0" cb="0"/><line nr="1671" mi="0" ci="3" mb="0" cb="2"/><line nr="1672" mi="0" ci="4" mb="0" cb="0"/><line nr="1673" mi="0" ci="17" mb="0" cb="2"/><line nr="1674" mi="0" ci="4" mb="0" cb="2"/><line nr="1675" mi="0" ci="13" mb="0" cb="0"/><line nr="1676" mi="0" ci="5" mb="0" cb="0"/><line nr="1680" mi="0" ci="1" mb="0" cb="0"/><line nr="1689" mi="0" ci="4" mb="0" cb="0"/><line nr="1700" mi="0" ci="39" mb="0" cb="0"/><line nr="1714" mi="0" ci="4" mb="0" cb="0"/><line nr="1726" mi="0" ci="39" mb="0" cb="0"/><line nr="1742" mi="0" ci="39" mb="0" cb="0"/><line nr="1760" mi="0" ci="5" mb="0" cb="0"/><line nr="1775" mi="0" ci="3" mb="1" cb="1"/><line nr="1776" mi="5" ci="0" mb="0" cb="0"/><line nr="1778" mi="0" ci="39" mb="0" cb="0"/><line nr="1794" mi="0" ci="3" mb="1" cb="1"/><line nr="1795" mi="5" ci="0" mb="0" cb="0"/><line nr="1797" mi="0" ci="39" mb="0" cb="0"/><line nr="1813" mi="0" ci="5" mb="0" cb="0"/><line nr="1826" mi="0" ci="3" mb="1" cb="1"/><line nr="1827" mi="5" ci="0" mb="0" cb="0"/><line nr="1829" mi="0" ci="39" mb="0" cb="0"/><line nr="1852" mi="0" ci="6" mb="0" cb="0"/><line nr="1883" mi="0" ci="2" mb="0" cb="0"/><line nr="1884" mi="0" ci="2" mb="1" cb="1"/><line nr="1885" mi="0" ci="4" mb="0" cb="0"/><line nr="1886" mi="0" ci="4" mb="0" cb="0"/><line nr="1887" mi="0" ci="8" mb="0" cb="2"/><line nr="1888" mi="0" ci="7" mb="0" cb="0"/><line nr="1891" mi="0" ci="4" mb="0" cb="0"/><line nr="1921" mi="0" ci="9" mb="0" cb="2"/><line nr="1951" mi="0" ci="2" mb="0" cb="0"/><line nr="1952" mi="0" ci="2" mb="0" cb="2"/><line nr="1953" mi="0" ci="3" mb="0" cb="0"/><line nr="1954" mi="0" ci="3" mb="0" cb="0"/><line nr="1955" mi="2" ci="5" mb="1" cb="1"/><line nr="1956" mi="8" ci="0" mb="0" cb="0"/><line nr="1959" mi="0" ci="4" mb="0" cb="0"/><line nr="1986" mi="0" ci="39" mb="0" cb="0"/><line nr="2008" mi="0" ci="39" mb="0" cb="0"/><line nr="2022" mi="0" ci="4" mb="0" cb="0"/><line nr="2034" mi="0" ci="39" mb="0" cb="0"/><line nr="2048" mi="0" ci="4" mb="0" cb="0"/><line nr="2061" mi="0" ci="39" mb="0" cb="0"/><line nr="2075" mi="0" ci="4" mb="0" cb="0"/><line nr="2087" mi="0" ci="39" mb="0" cb="0"/><line nr="2107" mi="0" ci="39" mb="0" cb="0"/><line nr="2123" mi="0" ci="5" mb="0" cb="0"/><line nr="2136" mi="0" ci="3" mb="1" cb="1"/><line nr="2137" mi="5" ci="0" mb="0" cb="0"/><line nr="2139" mi="0" ci="39" mb="0" cb="0"/><line nr="2154" mi="0" ci="39" mb="0" cb="0"/><line nr="2174" mi="0" ci="5" mb="0" cb="0"/><line nr="2193" mi="0" ci="39" mb="0" cb="0"/><line nr="2208" mi="0" ci="4" mb="0" cb="0"/><line nr="2221" mi="0" ci="39" mb="0" cb="0"/><line nr="2240" mi="0" ci="5" mb="0" cb="0"/><line nr="2250" mi="0" ci="4" mb="0" cb="0"/><line nr="2263" mi="0" ci="39" mb="0" cb="0"/><line nr="2276" mi="0" ci="4" mb="0" cb="0"/><line nr="2289" mi="0" ci="39" mb="0" cb="0"/><counter type="INSTRUCTION" missed="431" covered="2314"/><counter type="BRANCH" missed="95" covered="204"/><counter type="LINE" missed="102" covered="384"/><counter type="COMPLEXITY" missed="70" covered="168"/><counter type="METHOD" missed="4" covered="83"/><counter type="CLASS" missed="0" covered="2"/></sourcefile><sourcefile name="Assertions.java"><line nr="34" mi="0" ci="2" mb="0" cb="2"/><line nr="35" mi="0" ci="14" mb="0" cb="0"/><line nr="37" mi="0" ci="1" mb="0" cb="0"/><counter type="INSTRUCTION" missed="0" covered="17"/><counter type="BRANCH" missed="0" covered="2"/><counter type="LINE" missed="0" covered="3"/><counter type="COMPLEXITY" missed="0" covered="2"/><counter type="METHOD" missed="0" covered="1"/><counter type="CLASS" missed="0" covered="1"/></sourcefile><sourcefile name="CSVPrinter.java"><line nr="76" mi="0" ci="3" mb="0" cb="0"/><line nr="94" mi="0" ci="2" mb="0" cb="0"/><line nr="95" mi="0" ci="3" mb="0" cb="0"/><line nr="96" mi="0" ci="3" mb="0" cb="0"/><line nr="98" mi="0" ci="3" mb="0" cb="0"/><line nr="99" mi="0" ci="3" mb="0" cb="0"/><line nr="102" mi="0" ci="3" mb="0" cb="2"/><line nr="103" mi="0" ci="17" mb="0" cb="2"/><line nr="104" mi="0" ci="2" mb="0" cb="2"/><line nr="105" mi="0" ci="3" mb="0" cb="0"/><line nr="109" mi="0" ci="6" mb="0" cb="4"/><line nr="110" mi="0" ci="5" mb="0" cb="0"/><line nr="112" mi="0" ci="1" mb="0" cb="0"/><line nr="120" mi="0" ci="3" mb="0" cb="0"/><line nr="121" mi="0" ci="1" mb="0" cb="0"/><line nr="132" mi="0" ci="6" mb="0" cb="4"/><line nr="133" mi="0" ci="2" mb="0" cb="0"/><line nr="135" mi="0" ci="4" mb="0" cb="2"/><line nr="136" mi="0" ci="4" mb="0" cb="0"/><line nr="138" mi="0" ci="1" mb="0" cb="0"/><line nr="148" mi="0" ci="4" mb="0" cb="2"/><line nr="149" mi="0" ci="4" mb="0" cb="0"/><line nr="151" mi="0" ci="1" mb="0" cb="0"/><line nr="159" mi="0" ci="3" mb="0" cb="0"/><line nr="171" mi="0" ci="8" mb="0" cb="0"/><line nr="172" mi="0" ci="3" mb="0" cb="0"/><line nr="173" mi="0" ci="1" mb="0" cb="0"/><line nr="197" mi="0" ci="4" mb="1" cb="1"/><line nr="198" mi="0" ci="1" mb="0" cb="0"/><line nr="200" mi="3" ci="0" mb="2" cb="0"/><line nr="201" mi="2" ci="0" mb="0" cb="0"/><line nr="203" mi="8" ci="0" mb="0" cb="0"/><line nr="204" mi="5" ci="0" mb="0" cb="0"/><line nr="205" mi="8" ci="0" mb="2" cb="0"/><line nr="206" mi="4" ci="0" mb="0" cb="0"/><line nr="207" mi="2" ci="0" mb="3" cb="0"/><line nr="209" mi="13" ci="0" mb="4" cb="0"/><line nr="210" mi="1" ci="0" mb="0" cb="0"/><line nr="214" mi="2" ci="0" mb="0" cb="0"/><line nr="215" mi="8" ci="0" mb="0" cb="0"/><line nr="216" mi="5" ci="0" mb="0" cb="0"/><line nr="217" mi="1" ci="0" mb="0" cb="0"/><line nr="219" mi="5" ci="0" mb="0" cb="0"/><line nr="223" mi="2" ci="0" mb="0" cb="0"/><line nr="224" mi="1" ci="0" mb="0" cb="0"/><line nr="233" mi="0" ci="5" mb="0" cb="0"/><line nr="234" mi="0" ci="3" mb="0" cb="0"/><line nr="235" mi="0" ci="1" mb="0" cb="0"/><line nr="251" mi="0" ci="9" mb="0" cb="2"/><line nr="252" mi="0" ci="3" mb="0" cb="0"/><line nr="253" mi="0" ci="1" mb="0" cb="0"/><line nr="254" mi="0" ci="2" mb="0" cb="0"/><line nr="255" mi="0" ci="1" mb="0" cb="0"/><line nr="271" mi="0" ci="6" mb="0" cb="0"/><line nr="272" mi="0" ci="3" mb="0" cb="0"/><line nr="273" mi="0" ci="1" mb="0" cb="0"/><line nr="315" mi="0" ci="9" mb="0" cb="2"/><line nr="316" mi="0" ci="3" mb="1" cb="1"/><line nr="317" mi="6" ci="0" mb="0" cb="0"/><line nr="318" mi="0" ci="3" mb="0" cb="2"/><line nr="319" mi="0" ci="5" mb="0" cb="0"/><line nr="321" mi="0" ci="8" mb="0" cb="0"/><line nr="323" mi="0" ci="1" mb="0" cb="0"/><line nr="324" mi="0" ci="1" mb="0" cb="0"/><line nr="366" mi="0" ci="4" mb="0" cb="0"/><line nr="367" mi="0" ci="1" mb="0" cb="0"/><line nr="380" mi="0" ci="4" mb="0" cb="0"/><line nr="381" mi="0" ci="3" mb="0" cb="2"/><line nr="382" mi="2" ci="5" mb="1" cb="1"/><line nr="383" mi="4" ci="0" mb="0" cb="0"/><line nr="384" mi="10" ci="0" mb="2" cb="0"/><line nr="386" mi="0" ci="3" mb="0" cb="0"/><line nr="388" mi="0" ci="1" mb="0" cb="0"/><counter type="INSTRUCTION" missed="92" covered="190"/><counter type="BRANCH" missed="16" covered="29"/><counter type="LINE" missed="19" covered="54"/><counter type="COMPLEXITY" missed="10" covered="26"/><counter type="METHOD" missed="0" covered="13"/><counter type="CLASS" missed="0" covered="1"/></sourcefile><sourcefile name="Constants.java"><line nr="23" mi="0" ci="3" mb="0" cb="0"/><line nr="41" mi="0" ci="4" mb="0" cb="0"/><counter type="INSTRUCTION" missed="0" covered="7"/><counter type="LINE" missed="0" covered="2"/><counter type="COMPLEXITY" missed="0" covered="2"/><counter type="METHOD" missed="0" covered="2"/><counter type="CLASS" missed="0" covered="1"/></sourcefile><counter type="INSTRUCTION" missed="1074" covered="3896"/><counter type="BRANCH" missed="218" covered="398"/><counter type="LINE" missed="223" covered="756"/><counter type="COMPLEXITY" missed="161" covered="348"/><counter type="METHOD" missed="6" covered="188"/><counter type="CLASS" missed="0" covered="15"/></package><counter type="INSTRUCTION" missed="1074" covered="3896"/><counter type="BRANCH" missed="218" covered="398"/><counter type="LINE" missed="223" covered="756"/><counter type="COMPLEXITY" missed="161" covered="348"/><counter type="METHOD" missed="6" covered="188"/><counter type="CLASS" missed="0" covered="15"/></report>