GROUP,PACKAGE,CLASS,INSTRUCTION_MISSED,INSTRUCTION_COVERED,BRANCH_MISSED,BRANCH_COVERED,LINE_MISSED,LINE_COVERED,COMPLEXITY_MISSED,COMPLEXITY_COVERED,METHOD_MISSED,METHOD_COVERED
Apache Commons Collections,org.apache.commons.collections4.keyvalue,TiedMapEntry,0,109,2,20,0,22,2,16,0,7
Apache Commons Collections,org.apache.commons.collections4.keyvalue,AbstractMapEntry,23,47,8,12,4,9,7,7,1,3
Apache Commons Collections,org.apache.commons.collections4.keyvalue,UnmodifiableMapEntry,0,24,0,0,0,7,0,4,0,4
Apache Commons Collections,org.apache.commons.collections4.keyvalue,AbstractKeyValue,0,44,0,0,0,17,0,6,0,6
Apache Commons Collections,org.apache.commons.collections4.keyvalue,MultiKey,0,195,0,12,0,37,0,20,0,14
Apache Commons Collections,org.apache.commons.collections4.keyvalue,DefaultMapEntry,0,19,0,0,0,6,0,3,0,3
Apache Commons Collections,org.apache.commons.collections4.keyvalue,DefaultKeyValue,0,114,0,24,0,25,0,21,0,9
Apache Commons Collections,org.apache.commons.collections4.keyvalue,AbstractMapEntryDecorator,31,16,3,1,8,6,7,3,5,3
Apache Commons Collections,org.apache.commons.collections4.splitmap,TransformedSplitMap,15,103,0,8,6,24,2,13,2,9
Apache Commons Collections,org.apache.commons.collections4.splitmap,AbstractIterableGetMapDecorator,49,34,2,2,13,10,11,7,10,6
Apache Commons Collections,org.apache.commons.collections4.collection,AbstractCollectionDecorator,7,85,0,2,3,23,2,18,2,17
Apache Commons Collections,org.apache.commons.collections4.collection,TransformedCollection,0,103,0,8,0,21,0,11,0,7
Apache Commons Collections,org.apache.commons.collections4.collection,IndexedCollection,0,242,1,29,0,67,1,31,0,17
Apache Commons Collections,org.apache.commons.collections4.collection,UnmodifiableBoundedCollection,108,0,14,0,29,0,21,0,14,0
Apache Commons Collections,org.apache.commons.collections4.collection,PredicatedCollection,0,94,0,8,0,20,0,11,0,7
Apache Commons Collections,org.apache.commons.collections4.collection,CompositeCollection,32,411,4,56,4,108,4,52,0,26
Apache Commons Collections,org.apache.commons.collections4.collection,SynchronizedCollection,11,241,1,11,2,51,2,25,1,20
Apache Commons Collections,org.apache.commons.collections4.collection,PredicatedCollection.Builder,0,188,0,18,0,48,0,23,0,14
Apache Commons Collections,org.apache.commons.collections4.collection,UnmodifiableCollection,28,21,0,2,7,7,7,4,7,3
Apache Commons Collections,org.apache.commons.collections4.comparators,TransformingComparator,0,115,0,22,0,22,0,16,0,5
Apache Commons Collections,org.apache.commons.collections4.comparators,ReverseComparator,0,54,0,8,0,15,0,9,0,5
Apache Commons Collections,org.apache.commons.collections4.comparators,BooleanComparator,0,86,0,14,0,18,0,17,0,10
Apache Commons Collections,org.apache.commons.collections4.comparators,ComparableComparator,3,30,2,4,1,7,3,6,1,5
Apache Commons Collections,org.apache.commons.collections4.comparators,FixedOrderComparator.UnknownObjectBehavior,0,34,0,0,0,2,0,1,0,1
Apache Commons Collections,org.apache.commons.collections4.comparators,FixedOrderComparator,25,353,11,53,1,62,9,36,0,12
Apache Commons Collections,org.apache.commons.collections4.comparators,NullComparator,0,106,0,24,0,23,0,19,0,7
Apache Commons Collections,org.apache.commons.collections4.comparators,ComparatorChain,11,278,5,37,3,74,5,34,0,18
Apache Commons Collections,org.apache.commons.collections4.properties,AbstractPropertiesFactory,87,3,2,0,24,2,9,1,8,1
Apache Commons Collections,org.apache.commons.collections4.properties,PropertiesFactory,0,9,0,0,0,2,0,2,0,2
Apache Commons Collections,org.apache.commons.collections4.properties,SortedPropertiesFactory,0,9,0,0,0,2,0,2,0,2
Apache Commons Collections,org.apache.commons.collections4.properties,SortedProperties,0,35,0,2,0,8,0,3,0,2
Apache Commons Collections,org.apache.commons.collections4.sequence,KeepCommand,0,9,0,0,0,4,0,2,0,2
Apache Commons Collections,org.apache.commons.collections4.sequence,DeleteCommand,0,9,0,0,0,4,0,2,0,2
Apache Commons Collections,org.apache.commons.collections4.sequence,SequencesComparator,5,558,3,79,1,79,3,44,0,6
Apache Commons Collections,org.apache.commons.collections4.sequence,SequencesComparator.Snake,0,21,0,0,0,8,0,4,0,4
Apache Commons Collections,org.apache.commons.collections4.sequence,ReplacementsFinder,0,65,0,4,0,17,0,6,0,4
Apache Commons Collections,org.apache.commons.collections4.sequence,EditCommand,0,9,0,0,0,4,0,2,0,2
Apache Commons Collections,org.apache.commons.collections4.sequence,InsertCommand,0,9,0,0,0,4,0,2,0,2
Apache Commons Collections,org.apache.commons.collections4.sequence,EditScript,0,72,0,2,0,20,0,8,0,7
Apache Commons Collections,org.apache.commons.collections4.trie.analyzer,StringKeyAnalyzer,0,189,0,34,0,40,0,25,0,8
Apache Commons Collections,org.apache.commons.collections4.bag,AbstractMapBag,184,455,23,59,45,121,20,48,2,25
Apache Commons Collections,org.apache.commons.collections4.bag,PredicatedBag,0,55,0,4,0,11,0,11,0,9
Apache Commons Collections,org.apache.commons.collections4.bag,SynchronizedBag,0,103,0,2,0,21,0,11,0,10
Apache Commons Collections,org.apache.commons.collections4.bag,AbstractMapBag.BagIterator,15,101,3,11,3,24,3,8,0,4
Apache Commons Collections,org.apache.commons.collections4.bag,PredicatedSortedBag,0,27,0,0,0,7,0,6,0,6
Apache Commons Collections,org.apache.commons.collections4.bag,AbstractSortedBagDecorator,3,20,0,0,2,6,1,5,1,5
Apache Commons Collections,org.apache.commons.collections4.bag,UnmodifiableSortedBag,50,27,0,2,15,8,10,6,10,5
Apache Commons Collections,org.apache.commons.collections4.bag,SynchronizedBag.SynchronizedBagSet,0,8,0,0,0,3,0,1,0,1
Apache Commons Collections,org.apache.commons.collections4.bag,AbstractBagDecorator,9,39,0,4,3,8,2,9,2,7
Apache Commons Collections,org.apache.commons.collections4.bag,SynchronizedSortedBag,0,51,0,0,0,12,0,7,0,7
Apache Commons Collections,org.apache.commons.collections4.bag,TransformedSortedBag,0,67,0,4,0,14,0,9,0,7
Apache Commons Collections,org.apache.commons.collections4.bag,TransformedBag,0,99,0,8,0,18,0,14,0,10
Apache Commons Collections,org.apache.commons.collections4.bag,AbstractMapBag.MutableInteger,18,6,4,0,4,3,4,1,2,1
Apache Commons Collections,org.apache.commons.collections4.bag,TreeBag,24,69,0,6,8,16,2,11,2,8
Apache Commons Collections,org.apache.commons.collections4.bag,CollectionBag,97,48,18,6,28,16,18,5,7,4
Apache Commons Collections,org.apache.commons.collections4.bag,CollectionSortedBag,21,124,4,20,7,37,6,17,2,9
Apache Commons Collections,org.apache.commons.collections4.bag,UnmodifiableBag,58,21,0,2,17,7,12,4,12,3
Apache Commons Collections,org.apache.commons.collections4.bag,HashBag,15,13,0,0,6,5,2,2,2,2
Apache Commons Collections,org.apache.commons.collections4.trie,AbstractPatriciaTrie.RangeEntryMap,177,0,34,0,37,0,27,0,10,0
Apache Commons Collections,org.apache.commons.collections4.trie,AbstractPatriciaTrie.PrefixRangeEntrySet,81,0,6,0,15,0,6,0,3,0
Apache Commons Collections,org.apache.commons.collections4.trie,AbstractPatriciaTrie.KeySet.KeyIterator,12,0,0,0,2,0,2,0,2,0
Apache Commons Collections,org.apache.commons.collections4.trie,AbstractPatriciaTrie.RangeMap,283,0,50,0,46,0,39,0,14,0
Apache Commons Collections,org.apache.commons.collections4.trie,AbstractPatriciaTrie.KeySet,41,0,2,0,9,0,7,0,6,0
Apache Commons Collections,org.apache.commons.collections4.trie,AbstractPatriciaTrie.TrieIterator,84,21,9,1,21,5,9,2,4,2
Apache Commons Collections,org.apache.commons.collections4.trie,AbstractPatriciaTrie.TrieEntry,224,26,25,1,33,8,16,2,3,2
Apache Commons Collections,org.apache.commons.collections4.trie,AbstractPatriciaTrie.RangeEntrySet.EntryIterator,48,0,10,0,8,0,8,0,3,0
Apache Commons Collections,org.apache.commons.collections4.trie,AbstractPatriciaTrie.RangeEntrySet,178,0,30,0,42,0,21,0,6,0
Apache Commons Collections,org.apache.commons.collections4.trie,AbstractPatriciaTrie.EntrySet,52,12,10,0,14,2,9,2,4,2
Apache Commons Collections,org.apache.commons.collections4.trie,KeyAnalyzer,0,47,0,14,0,10,0,13,0,6
Apache Commons Collections,org.apache.commons.collections4.trie,UnmodifiableTrie,117,31,1,3,26,10,24,5,23,4
Apache Commons Collections,org.apache.commons.collections4.trie,AbstractPatriciaTrie.Values.ValueIterator,12,0,0,0,2,0,2,0,2,0
Apache Commons Collections,org.apache.commons.collections4.trie,PatriciaTrie,0,13,0,0,0,4,0,2,0,2
Apache Commons Collections,org.apache.commons.collections4.trie,AbstractPatriciaTrie.EntrySet.EntryIterator,3,8,0,0,1,1,1,1,1,1
Apache Commons Collections,org.apache.commons.collections4.trie,AbstractPatriciaTrie.PrefixRangeEntrySet.SingletonIterator,57,0,6,0,14,0,7,0,4,0
Apache Commons Collections,org.apache.commons.collections4.trie,AbstractBitwiseTrie.BasicEntry,87,9,12,0,22,4,14,1,8,1
Apache Commons Collections,org.apache.commons.collections4.trie,AbstractPatriciaTrie.TrieMapIterator,99,0,12,0,25,0,15,0,9,0
Apache Commons Collections,org.apache.commons.collections4.trie,AbstractPatriciaTrie.Reference,7,0,0,0,3,0,2,0,2,0
Apache Commons Collections,org.apache.commons.collections4.trie,AbstractPatriciaTrie.PrefixRangeEntrySet.EntryIterator,89,0,10,0,22,0,9,0,4,0
Apache Commons Collections,org.apache.commons.collections4.trie,AbstractPatriciaTrie,1735,134,286,10,402,34,188,11,40,11
Apache Commons Collections,org.apache.commons.collections4.trie,AbstractPatriciaTrie.PrefixRangeMap,315,0,40,0,64,0,35,0,15,0
Apache Commons Collections,org.apache.commons.collections4.trie,AbstractPatriciaTrie.Values,45,0,4,0,13,0,8,0,6,0
Apache Commons Collections,org.apache.commons.collections4.trie,AbstractBitwiseTrie,104,26,17,3,19,9,16,4,6,4
Apache Commons Collections,org.apache.commons.collections4.list,NodeCachingLinkedList,16,144,1,11,7,48,3,17,2,12
Apache Commons Collections,org.apache.commons.collections4.list,TreeList,0,264,0,18,0,54,0,25,0,16
Apache Commons Collections,org.apache.commons.collections4.list,SetUniqueList.SetListIterator,12,17,0,0,4,6,1,2,1,2
Apache Commons Collections,org.apache.commons.collections4.list,PredicatedList.PredicatedListIterator,9,16,0,0,3,6,1,2,1,2
Apache Commons Collections,org.apache.commons.collections4.list,AbstractSerializableListDecorator,15,4,0,0,6,2,2,1,2,1
Apache Commons Collections,org.apache.commons.collections4.list,TransformedList,0,147,0,8,0,28,0,20,0,16
Apache Commons Collections,org.apache.commons.collections4.list,FixedSizeList,0,94,0,0,0,25,0,23,0,23
Apache Commons Collections,org.apache.commons.collections4.list,FixedSizeList.FixedSizeListIterator,4,7,0,0,2,3,2,1,2,1
Apache Commons Collections,org.apache.commons.collections4.list,AbstractLinkedList,319,493,53,47,79,119,45,54,11,38
Apache Commons Collections,org.apache.commons.collections4.list,CursorableLinkedList.SubCursor,0,70,0,4,0,14,0,8,0,6
Apache Commons Collections,org.apache.commons.collections4.list,AbstractLinkedList.LinkedListIterator,63,148,6,8,12,38,6,13,1,11
Apache Commons Collections,org.apache.commons.collections4.list,TransformedList.TransformedListIterator,0,27,0,0,0,9,0,3,0,3
Apache Commons Collections,org.apache.commons.collections4.list,UnmodifiableList,37,50,0,2,8,14,7,11,7,10
Apache Commons Collections,org.apache.commons.collections4.list,AbstractListDecorator,8,72,0,4,3,15,2,15,2,13
Apache Commons Collections,org.apache.commons.collections4.list,GrowthList,0,100,0,10,0,22,0,12,0,7
Apache Commons Collections,org.apache.commons.collections4.list,CursorableLinkedList.Cursor,16,167,2,24,5,48,2,20,0,9
Apache Commons Collections,org.apache.commons.collections4.list,AbstractLinkedList.Node,4,44,0,0,2,19,1,8,1,8
Apache Commons Collections,org.apache.commons.collections4.list,CursorableLinkedList,24,213,4,22,10,74,6,27,2,18
Apache Commons Collections,org.apache.commons.collections4.list,SetUniqueList,24,305,1,27,3,73,1,34,0,21
Apache Commons Collections,org.apache.commons.collections4.list,AbstractLinkedList.LinkedSubList,128,183,3,13,21,42,7,15,4,10
Apache Commons Collections,org.apache.commons.collections4.list,SetUniqueList.SetListListIterator,19,36,1,1,6,11,3,4,2,4
Apache Commons Collections,org.apache.commons.collections4.list,AbstractLinkedList.LinkedSubListIterator,37,32,2,2,8,6,4,4,2,4
Apache Commons Collections,org.apache.commons.collections4.list,PredicatedList,0,114,0,6,0,23,0,18,0,15
Apache Commons Collections,org.apache.commons.collections4.list,TreeList.AVLNode,213,891,29,119,54,208,22,86,2,31
Apache Commons Collections,org.apache.commons.collections4.list,LazyList,103,36,14,0,24,10,10,4,3,4
Apache Commons Collections,org.apache.commons.collections4.list,TreeList.TreeListIterator,0,250,1,21,0,57,1,21,0,11
Apache Commons Collections,org.apache.commons.collections4.functors,ComparatorPredicate,15,90,1,19,1,25,1,15,0,4
Apache Commons Collections,org.apache.commons.collections4.functors,MapTransformer,3,20,0,2,1,7,1,4,1,3
Apache Commons Collections,org.apache.commons.collections4.functors,ExceptionPredicate,2,12,0,0,1,3,1,3,1,3
Apache Commons Collections,org.apache.commons.collections4.functors,PrototypeFactory.PrototypeSerializationFactory,14,47,1,1,6,15,1,2,0,2
Apache Commons Collections,org.apache.commons.collections4.functors,InstantiateTransformer,14,104,1,23,4,23,1,17,0,6
Apache Commons Collections,org.apache.commons.collections4.functors,OrPredicate,0,51,0,8,0,9,0,8,0,4
Apache Commons Collections,org.apache.commons.collections4.functors,NotNullPredicate,2,13,0,2,1,3,1,4,1,3
Apache Commons Collections,org.apache.commons.collections4.functors,FactoryTransformer,0,25,0,2,0,8,0,5,0,4
Apache Commons Collections,org.apache.commons.collections4.functors,NonePredicate,0,55,0,8,0,14,0,8,0,4
Apache Commons Collections,org.apache.commons.collections4.functors,ComparatorPredicate.Criterion,0,54,0,0,0,2,0,1,0,1
Apache Commons Collections,org.apache.commons.collections4.functors,ForClosure,0,45,0,8,0,14,0,9,0,5
Apache Commons Collections,org.apache.commons.collections4.functors,StringValueTransformer,2,10,0,0,1,3,1,3,1,3
Apache Commons Collections,org.apache.commons.collections4.functors,WhileClosure,0,60,0,8,0,18,0,10,0,6
Apache Commons Collections,org.apache.commons.collections4.functors,UniquePredicate,0,17,0,0,0,5,0,3,0,3
Apache Commons Collections,org.apache.commons.collections4.functors,ChainedTransformer,5,77,1,9,1,19,1,10,0,6
Apache Commons Collections,org.apache.commons.collections4.functors,TransformerClosure,0,24,0,2,0,9,0,5,0,4
Apache Commons Collections,org.apache.commons.collections4.functors,NullPredicate,2,13,0,2,1,3,1,4,1,3
Apache Commons Collections,org.apache.commons.collections4.functors,InstanceofPredicate,0,26,0,2,0,8,0,5,0,4
Apache Commons Collections,org.apache.commons.collections4.functors,AbstractQuantifierPredicate,0,10,0,0,0,4,0,2,0,2
Apache Commons Collections,org.apache.commons.collections4.functors,AnyPredicate,0,71,0,12,0,18,0,10,0,4
Apache Commons Collections,org.apache.commons.collections4.functors,IdentityPredicate,0,26,0,4,0,8,0,6,0,4
Apache Commons Collections,org.apache.commons.collections4.functors,IfTransformer,0,80,0,12,0,21,0,13,0,7
Apache Commons Collections,org.apache.commons.collections4.functors,CatchAndRethrowClosure,17,0,0,0,8,0,2,0,2,0
Apache Commons Collections,org.apache.commons.collections4.functors,PredicateTransformer,0,27,0,2,0,8,0,5,0,4
Apache Commons Collections,org.apache.commons.collections4.functors,ExceptionFactory,2,12,0,0,1,3,1,3,1,3
Apache Commons Collections,org.apache.commons.collections4.functors,SwitchTransformer,89,83,14,12,19,20,12,9,2,6
Apache Commons Collections,org.apache.commons.collections4.functors,EqualPredicate,0,51,0,6,0,16,0,9,0,6
Apache Commons Collections,org.apache.commons.collections4.functors,NullIsExceptionPredicate,0,38,0,4,0,10,0,6,0,4
Apache Commons Collections,org.apache.commons.collections4.functors,ConstantTransformer,0,74,0,14,0,20,0,15,0,8
Apache Commons Collections,org.apache.commons.collections4.functors,InstantiateFactory,23,108,2,20,7,27,2,14,0,5
Apache Commons Collections,org.apache.commons.collections4.functors,NullIsFalsePredicate,0,35,0,4,0,10,0,6,0,4
Apache Commons Collections,org.apache.commons.collections4.functors,PrototypeFactory,0,66,0,4,0,13,0,3,0,1
Apache Commons Collections,org.apache.commons.collections4.functors,NOPTransformer,2,9,0,0,1,3,1,3,1,3
Apache Commons Collections,org.apache.commons.collections4.functors,CloneTransformer,0,15,0,2,0,5,0,4,0,3
Apache Commons Collections,org.apache.commons.collections4.functors,DefaultEquator,2,27,0,8,1,4,1,8,1,4
Apache Commons Collections,org.apache.commons.collections4.functors,PrototypeFactory.PrototypeCloneFactory,33,20,1,1,10,6,2,2,1,2
Apache Commons Collections,org.apache.commons.collections4.functors,ChainedClosure,0,95,0,12,0,24,0,12,0,6
Apache Commons Collections,org.apache.commons.collections4.functors,ConstantFactory,0,27,0,2,0,9,0,6,0,5
Apache Commons Collections,org.apache.commons.collections4.functors,ClosureTransformer,0,27,0,2,0,9,0,5,0,4
Apache Commons Collections,org.apache.commons.collections4.functors,FalsePredicate,2,9,0,0,1,3,1,3,1,3
Apache Commons Collections,org.apache.commons.collections4.functors,NullIsTruePredicate,0,35,0,4,0,10,0,6,0,4
Apache Commons Collections,org.apache.commons.collections4.functors,InvokerTransformer,56,122,1,27,8,26,1,18,0,5
Apache Commons Collections,org.apache.commons.collections4.functors,FunctorUtils,4,180,0,30,2,39,2,23,2,8
Apache Commons Collections,org.apache.commons.collections4.functors,TransformedPredicate,0,50,0,4,0,13,0,7,0,5
Apache Commons Collections,org.apache.commons.collections4.functors,SwitchClosure,13,154,2,22,4,34,2,18,0,8
Apache Commons Collections,org.apache.commons.collections4.functors,ExceptionClosure,2,12,0,0,1,3,1,3,1,3
Apache Commons Collections,org.apache.commons.collections4.functors,IfClosure,0,70,0,8,0,20,0,12,0,8
Apache Commons Collections,org.apache.commons.collections4.functors,OnePredicate,12,52,4,6,4,13,2,7,0,4
Apache Commons Collections,org.apache.commons.collections4.functors,AndPredicate,0,51,0,8,0,9,0,8,0,4
Apache Commons Collections,org.apache.commons.collections4.functors,AllPredicate,0,73,0,12,0,18,0,10,0,4
Apache Commons Collections,org.apache.commons.collections4.functors,TruePredicate,2,9,0,0,1,3,1,3,1,3
Apache Commons Collections,org.apache.commons.collections4.functors,ExceptionTransformer,2,12,0,0,1,3,1,3,1,3
Apache Commons Collections,org.apache.commons.collections4.functors,NotPredicate,0,35,0,4,0,8,0,6,0,4
Apache Commons Collections,org.apache.commons.collections4.functors,TransformerPredicate,3,34,1,3,1,10,1,5,0,4
Apache Commons Collections,org.apache.commons.collections4.functors,NOPClosure,2,8,0,0,1,3,1,3,1,3
Apache Commons Collections,org.apache.commons.collections4.bidimap,AbstractDualBidiMap,130,150,12,6,29,35,20,14,12,13
Apache Commons Collections,org.apache.commons.collections4.bidimap,TreeBidiMap.InverseViewMapIterator,24,20,3,1,6,6,5,3,3,3
Apache Commons Collections,org.apache.commons.collections4.bidimap,TreeBidiMap,1198,805,165,90,247,218,111,82,13,52
Apache Commons Collections,org.apache.commons.collections4.bidimap,AbstractDualBidiMap.Values,41,0,2,0,9,0,5,0,4,0
Apache Commons Collections,org.apache.commons.collections4.bidimap,AbstractDualBidiMap.MapEntry,38,0,4,0,9,0,4,0,2,0
Apache Commons Collections,org.apache.commons.collections4.bidimap,AbstractDualBidiMap.KeySetIterator,53,0,2,0,16,0,4,0,3,0
Apache Commons Collections,org.apache.commons.collections4.bidimap,AbstractDualBidiMap.EntrySet,49,13,10,0,11,3,6,2,1,2
Apache Commons Collections,org.apache.commons.collections4.bidimap,TreeBidiMap.InverseViewMapEntryIterator,5,21,0,0,1,5,1,3,1,3
Apache Commons Collections,org.apache.commons.collections4.bidimap,TreeBidiMap.ViewMapIterator,8,36,1,3,2,10,2,6,1,5
Apache Commons Collections,org.apache.commons.collections4.bidimap,AbstractSortedBidiMapDecorator,28,8,0,0,6,3,6,2,6,2
Apache Commons Collections,org.apache.commons.collections4.bidimap,DualLinkedHashBidiMap,27,34,0,0,9,8,2,4,2,4
Apache Commons Collections,org.apache.commons.collections4.bidimap,AbstractDualBidiMap.BidiMapIterator,141,18,14,0,31,6,15,1,8,1
Apache Commons Collections,org.apache.commons.collections4.bidimap,AbstractDualBidiMap.View,112,7,26,0,34,3,19,1,6,1
Apache Commons Collections,org.apache.commons.collections4.bidimap,AbstractOrderedBidiMapDecorator,26,8,0,0,6,3,6,2,6,2
Apache Commons Collections,org.apache.commons.collections4.bidimap,TreeBidiMap.ValueView,19,18,3,1,2,5,4,2,2,2
Apache Commons Collections,org.apache.commons.collections4.bidimap,TreeBidiMap.KeyView,9,28,2,2,1,6,2,4,1,3
Apache Commons Collections,org.apache.commons.collections4.bidimap,TreeBidiMap.ViewIterator,100,88,12,8,18,21,8,8,0,6
Apache Commons Collections,org.apache.commons.collections4.bidimap,UnmodifiableBidiMap,67,12,3,1,19,4,12,2,10,2
Apache Commons Collections,org.apache.commons.collections4.bidimap,TreeBidiMap.Inverse,142,91,12,6,23,23,19,14,10,14
Apache Commons Collections,org.apache.commons.collections4.bidimap,TreeBidiMap.Node,144,127,18,5,19,32,17,16,6,15
Apache Commons Collections,org.apache.commons.collections4.bidimap,TreeBidiMap.EntryView,50,24,10,2,11,8,6,4,0,4
Apache Commons Collections,org.apache.commons.collections4.bidimap,DualTreeBidiMap,215,28,12,0,54,6,23,3,17,3
Apache Commons Collections,org.apache.commons.collections4.bidimap,DualTreeBidiMap.ViewMap,73,0,2,0,13,0,10,0,9,0
Apache Commons Collections,org.apache.commons.collections4.bidimap,DualHashBidiMap,27,34,0,0,9,8,2,4,2,4
Apache Commons Collections,org.apache.commons.collections4.bidimap,TreeBidiMap.View,0,17,0,0,0,7,0,3,0,3
Apache Commons Collections,org.apache.commons.collections4.bidimap,AbstractDualBidiMap.KeySet,41,0,2,0,9,0,5,0,4,0
Apache Commons Collections,org.apache.commons.collections4.bidimap,TreeBidiMap.DataElement,0,37,0,0,0,6,0,3,0,3
Apache Commons Collections,org.apache.commons.collections4.bidimap,DualTreeBidiMap.BidiOrderedMapIterator,161,0,12,0,35,0,17,0,11,0
Apache Commons Collections,org.apache.commons.collections4.bidimap,UnmodifiableOrderedBidiMap,70,12,3,1,20,4,13,2,11,2
Apache Commons Collections,org.apache.commons.collections4.bidimap,TreeBidiMap.ViewMapEntryIterator,3,11,0,0,1,4,1,2,1,2
Apache Commons Collections,org.apache.commons.collections4.bidimap,AbstractDualBidiMap.ValuesIterator,47,0,2,0,15,0,4,0,3,0
Apache Commons Collections,org.apache.commons.collections4.bidimap,AbstractBidiMapDecorator,22,8,0,0,5,3,5,2,5,2
Apache Commons Collections,org.apache.commons.collections4.bidimap,TreeBidiMap.InverseEntryView,34,40,8,4,6,13,5,5,0,4
Apache Commons Collections,org.apache.commons.collections4.bidimap,UnmodifiableSortedBidiMap,92,12,3,1,25,4,15,2,13,2
Apache Commons Collections,org.apache.commons.collections4.bidimap,AbstractDualBidiMap.EntrySetIterator,43,13,2,0,11,5,3,1,2,1
Apache Commons Collections,org.apache.commons.collections4.map,AbstractLinkedMap.EntrySetIterator,3,7,0,0,1,3,1,2,1,2
Apache Commons Collections,org.apache.commons.collections4.map,UnmodifiableEntrySet,139,0,12,0,29,0,18,0,12,0
Apache Commons Collections,org.apache.commons.collections4.map,LazyMap,15,66,0,6,6,18,2,8,2,5
Apache Commons Collections,org.apache.commons.collections4.map,StaticBucketMap.Node,69,6,20,0,13,2,13,2,3,2
Apache Commons Collections,org.apache.commons.collections4.map,AbstractHashedMap.Values,12,11,0,0,4,4,3,2,3,2
Apache Commons Collections,org.apache.commons.collections4.map,AbstractReferenceMap.ReferenceBaseIterator,113,60,17,7,30,19,15,4,3,4
Apache Commons Collections,org.apache.commons.collections4.map,AbstractReferenceMap.ReferenceValues,34,0,2,0,8,0,4,0,3,0
Apache Commons Collections,org.apache.commons.collections4.map,Flat3Map.EntrySet,24,35,2,4,6,12,2,6,0,5
Apache Commons Collections,org.apache.commons.collections4.map,TransformedSortedMap,0,94,0,2,0,19,0,11,0,10
Apache Commons Collections,org.apache.commons.collections4.map,AbstractReferenceMap.ReferenceStrength,12,45,4,0,5,5,4,2,1,2
Apache Commons Collections,org.apache.commons.collections4.map,FixedSizeMap,15,86,0,6,6,22,2,14,2,11
Apache Commons Collections,org.apache.commons.collections4.map,AbstractOrderedMapDecorator,33,0,0,0,10,0,8,0,8,0
Apache Commons Collections,org.apache.commons.collections4.map,ListOrderedMap.KeySetView.new AbstractUntypedIteratorDecorator() {...},0,13,0,0,0,2,0,2,0,2
Apache Commons Collections,org.apache.commons.collections4.map,PredicatedSortedMap,41,31,0,0,7,6,5,4,5,4
Apache Commons Collections,org.apache.commons.collections4.map,AbstractReferenceMap.SoftRef,11,0,0,0,4,0,2,0,2,0
Apache Commons Collections,org.apache.commons.collections4.map,ListOrderedMap.ValuesView.new AbstractUntypedIteratorDecorator() {...},0,13,0,0,0,2,0,2,0,2
Apache Commons Collections,org.apache.commons.collections4.map,PredicatedMap,15,113,0,16,6,26,2,15,2,7
Apache Commons Collections,org.apache.commons.collections4.map,StaticBucketMap.KeyIterator,12,0,0,0,2,0,2,0,2,0
Apache Commons Collections,org.apache.commons.collections4.map,Flat3Map.KeySetIterator,4,4,0,0,1,2,1,1,1,1
Apache Commons Collections,org.apache.commons.collections4.map,Flat3Map.FlatMapEntry,95,128,25,17,19,32,17,15,1,7
Apache Commons Collections,org.apache.commons.collections4.map,Flat3Map.Values,6,35,1,3,1,11,1,6,0,5
Apache Commons Collections,org.apache.commons.collections4.map,AbstractReferenceMap.WeakRef,11,0,0,0,4,0,2,0,2,0
Apache Commons Collections,org.apache.commons.collections4.map,AbstractReferenceMap.ReferenceKeySetIterator,8,0,0,0,3,0,2,0,2,0
Apache Commons Collections,org.apache.commons.collections4.map,ListOrderedMap.KeySetView,0,28,0,0,0,8,0,5,0,5
Apache Commons Collections,org.apache.commons.collections4.map,AbstractReferenceMap,281,125,42,8,75,39,40,15,16,14
Apache Commons Collections,org.apache.commons.collections4.map,UnmodifiableMap,86,0,4,0,27,0,14,0,12,0
Apache Commons Collections,org.apache.commons.collections4.map,CompositeMap,37,438,6,46,7,85,6,42,0,22
Apache Commons Collections,org.apache.commons.collections4.map,AbstractLinkedMap.ValuesIterator,12,0,0,0,4,0,3,0,3,0
Apache Commons Collections,org.apache.commons.collections4.map,AbstractHashedMap,226,881,45,91,61,223,41,79,7,45
Apache Commons Collections,org.apache.commons.collections4.map,TransformedMap,51,94,3,9,15,23,7,11,5,7
Apache Commons Collections,org.apache.commons.collections4.map,AbstractLinkedMap.LinkEntry,0,7,0,0,0,2,0,1,0,1
Apache Commons Collections,org.apache.commons.collections4.map,StaticBucketMap.ValueIterator,4,8,0,0,1,1,1,1,1,1
Apache Commons Collections,org.apache.commons.collections4.map,MultiValueMap.1.1.new Map.Entry() {...},20,0,0,0,4,0,4,0,4,0
Apache Commons Collections,org.apache.commons.collections4.map,PassiveExpiringMap.ConstantTimeToLiveExpirationPolicy,0,39,0,4,0,13,0,6,0,4
Apache Commons Collections,org.apache.commons.collections4.map,AbstractInputCheckedMapDecorator,5,20,0,2,3,5,2,3,2,2
Apache Commons Collections,org.apache.commons.collections4.map,AbstractLinkedMap.LinkIterator,121,52,14,4,25,12,13,5,5,4
Apache Commons Collections,org.apache.commons.collections4.map,LazySortedMap,4,71,0,0,1,15,1,10,1,10
Apache Commons Collections,org.apache.commons.collections4.map,StaticBucketMap.BaseIterator,22,88,3,9,6,18,3,7,1,3
Apache Commons Collections,org.apache.commons.collections4.map,LinkedMap.LinkedMapList,5,87,0,0,1,20,1,18,1,18
Apache Commons Collections,org.apache.commons.collections4.map,MultiValueMap.1.new Transformer() {...},15,0,0,0,2,0,2,0,2,0
Apache Commons Collections,org.apache.commons.collections4.map,Flat3Map.FlatMapIterator,84,130,10,16,12,37,10,15,0,9
Apache Commons Collections,org.apache.commons.collections4.map,StaticBucketMap.KeySet,62,15,8,0,12,3,7,3,3,3
Apache Commons Collections,org.apache.commons.collections4.map,ListOrderedMap.ListOrderedMapIterator,59,87,5,5,11,25,6,10,1,10
Apache Commons Collections,org.apache.commons.collections4.map,AbstractHashedMap.ValuesIterator,8,0,0,0,3,0,2,0,2,0
Apache Commons Collections,org.apache.commons.collections4.map,UnmodifiableEntrySet.UnmodifiableEntrySetIterator,21,0,0,0,5,0,3,0,3,0
Apache Commons Collections,org.apache.commons.collections4.map,MultiValueMap.new LazyIteratorChain() {...},27,9,2,0,5,1,2,1,1,1
Apache Commons Collections,org.apache.commons.collections4.map,MultiValueMap.ValuesIterator,14,27,2,0,4,7,2,3,1,3
Apache Commons Collections,org.apache.commons.collections4.map,SingletonMap.SingletonValues,27,0,0,0,8,0,6,0,6,0
Apache Commons Collections,org.apache.commons.collections4.map,EntrySetToMapIteratorAdapter,43,14,2,0,12,6,8,2,7,2
Apache Commons Collections,org.apache.commons.collections4.map,AbstractReferenceMap.ReferenceEntry,226,0,42,0,45,0,32,0,11,0
Apache Commons Collections,org.apache.commons.collections4.map,Flat3Map.KeySet,6,47,1,3,1,14,1,7,0,6
Apache Commons Collections,org.apache.commons.collections4.map,PassiveExpiringMap,19,258,1,17,7,68,3,33,2,25
Apache Commons Collections,org.apache.commons.collections4.map,AbstractInputCheckedMapDecorator.EntrySet,95,21,10,0,16,5,7,2,2,2
Apache Commons Collections,org.apache.commons.collections4.map,ListOrderedMap.ListOrderedMapEntry,0,22,0,0,0,5,0,3,0,3
Apache Commons Collections,org.apache.commons.collections4.map,AbstractReferenceMap.ReferenceMapIterator,44,4,6,0,13,2,7,1,4,1
Apache Commons Collections,org.apache.commons.collections4.map,StaticBucketMap.EntryIterator,0,11,0,0,0,2,0,2,0,2
Apache Commons Collections,org.apache.commons.collections4.map,HashedMap,12,23,0,0,6,9,2,5,2,5
Apache Commons Collections,org.apache.commons.collections4.map,StaticBucketMap.EntrySet,99,17,10,0,21,3,8,3,3,3
Apache Commons Collections,org.apache.commons.collections4.map,LRUMap,269,230,24,16,44,60,16,29,2,23
Apache Commons Collections,org.apache.commons.collections4.map,MultiKeyMap,614,966,204,96,91,220,122,67,3,36
Apache Commons Collections,org.apache.commons.collections4.map,AbstractInputCheckedMapDecorator.MapEntry,10,10,0,0,2,4,1,1,1,1
Apache Commons Collections,org.apache.commons.collections4.map,SingletonMap.SingletonMapIterator,123,0,14,0,31,0,18,0,11,0
Apache Commons Collections,org.apache.commons.collections4.map,ListOrderedMap,180,275,19,23,41,59,17,32,5,23
Apache Commons Collections,org.apache.commons.collections4.map,MultiValueMap.Values,8,32,0,2,3,6,2,3,2,2
Apache Commons Collections,org.apache.commons.collections4.map,FixedSizeSortedMap,26,89,2,2,9,18,4,15,2,15
Apache Commons Collections,org.apache.commons.collections4.map,Flat3Map,909,482,188,102,220,138,131,53,3,20
Apache Commons Collections,org.apache.commons.collections4.map,LinkedMap,23,62,0,4,8,17,4,10,4,8
Apache Commons Collections,org.apache.commons.collections4.map,AbstractInputCheckedMapDecorator.EntrySetIterator,0,24,0,0,0,6,0,2,0,2
Apache Commons Collections,org.apache.commons.collections4.map,AbstractReferenceMap.ReferenceEntrySet,38,0,2,0,8,0,4,0,3,0
Apache Commons Collections,org.apache.commons.collections4.map,ReferenceMap,12,40,0,0,6,10,2,5,2,5
Apache Commons Collections,org.apache.commons.collections4.map,DefaultedMap,20,74,1,9,7,17,3,11,2,7
Apache Commons Collections,org.apache.commons.collections4.map,ListOrderedMap.ListOrderedIterator,8,26,0,0,2,7,0,3,0,3
Apache Commons Collections,org.apache.commons.collections4.map,MultiValueMap.ReflectionFactory,30,16,4,0,6,4,3,2,1,2
Apache Commons Collections,org.apache.commons.collections4.map,AbstractReferenceMap.ReferenceValuesIterator,8,0,0,0,3,0,2,0,2,0
Apache Commons Collections,org.apache.commons.collections4.map,AbstractMapDecorator,7,85,0,4,3,24,2,18,2,16
Apache Commons Collections,org.apache.commons.collections4.map,StaticBucketMap,125,488,29,45,23,111,20,36,0,19
Apache Commons Collections,org.apache.commons.collections4.map,AbstractHashedMap.KeySet,16,19,0,0,5,6,2,4,2,4
Apache Commons Collections,org.apache.commons.collections4.map,AbstractHashedMap.KeySetIterator,0,8,0,0,0,3,0,2,0,2
Apache Commons Collections,org.apache.commons.collections4.map,SingletonMap,274,30,33,2,68,11,43,8,25,8
Apache Commons Collections,org.apache.commons.collections4.map,AbstractHashedMap.EntrySet,50,14,10,0,14,5,8,3,3,3
Apache Commons Collections,org.apache.commons.collections4.map,AbstractLinkedMap.KeySetIterator,4,8,0,0,1,3,1,2,1,2
Apache Commons Collections,org.apache.commons.collections4.map,Flat3Map.EntryIterator,17,59,0,6,4,13,0,7,0,4
Apache Commons Collections,org.apache.commons.collections4.map,Flat3Map.EntrySetIterator,0,7,0,0,0,3,0,2,0,2
Apache Commons Collections,org.apache.commons.collections4.map,CaseInsensitiveMap,12,53,0,4,6,15,2,8,2,6
Apache Commons Collections,org.apache.commons.collections4.map,AbstractSortedMapDecorator.SortedMapIterator,29,0,0,0,8,0,4,0,4,0
Apache Commons Collections,org.apache.commons.collections4.map,ListOrderedMap.ValuesView,10,34,0,0,2,9,2,6,2,6
Apache Commons Collections,org.apache.commons.collections4.map,AbstractHashedMap.EntrySetIterator,0,7,0,0,0,3,0,2,0,2
Apache Commons Collections,org.apache.commons.collections4.map,AbstractIterableMap,0,9,0,0,0,2,0,2,0,2
Apache Commons Collections,org.apache.commons.collections4.map,AbstractLinkedMap,110,231,23,17,21,55,20,23,6,17
Apache Commons Collections,org.apache.commons.collections4.map,AbstractReferenceMap.ReferenceKeySet,30,4,2,0,6,2,3,1,2,1
Apache Commons Collections,org.apache.commons.collections4.map,UnmodifiableSortedMap,96,0,2,0,25,0,18,0,17,0
Apache Commons Collections,org.apache.commons.collections4.map,ReferenceIdentityMap,15,70,1,5,6,16,3,11,2,9
Apache Commons Collections,org.apache.commons.collections4.map,AbstractHashedMap.HashMapIterator,32,16,5,1,9,6,5,3,2,3
Apache Commons Collections,org.apache.commons.collections4.map,AbstractSortedMapDecorator,62,12,4,0,13,4,11,3,9,3
Apache Commons Collections,org.apache.commons.collections4.map,AbstractLinkedMap.LinkMapIterator,36,16,5,1,10,6,6,3,3,3
Apache Commons Collections,org.apache.commons.collections4.map,MultiValueMap,55,285,14,30,18,70,14,30,2,20
Apache Commons Collections,org.apache.commons.collections4.map,AbstractHashedMap.HashIterator,42,111,6,14,7,31,6,10,1,5
Apache Commons Collections,org.apache.commons.collections4.map,StaticBucketMap.Values,8,13,0,0,3,2,2,2,2,2
Apache Commons Collections,org.apache.commons.collections4.map,AbstractReferenceMap.ReferenceEntrySetIterator,3,4,0,0,1,2,1,1,1,1
Apache Commons Collections,org.apache.commons.collections4.map,UnmodifiableOrderedMap,72,0,2,0,24,0,13,0,12,0
Apache Commons Collections,org.apache.commons.collections4.map,ListOrderedMap.EntrySetView,24,68,4,4,7,19,4,12,1,11
Apache Commons Collections,org.apache.commons.collections4.map,Flat3Map.ValuesIterator,0,8,0,0,0,3,0,2,0,2
Apache Commons Collections,org.apache.commons.collections4.map,AbstractHashedMap.HashEntry,74,35,20,2,11,13,13,5,3,4
Apache Commons Collections,org.apache.commons.collections4.map,UnmodifiableEntrySet.UnmodifiableEntry,11,0,0,0,4,0,2,0,2,0
Apache Commons Collections,org.apache.commons.collections4.multimap,AbstractListValuedMap.WrappedList,158,16,12,0,40,4,18,2,12,2
Apache Commons Collections,org.apache.commons.collections4.multimap,ArrayListValuedHashMap,11,71,0,2,4,22,1,9,1,8
Apache Commons Collections,org.apache.commons.collections4.multimap,AbstractListValuedMap.ValuesListIterator,120,0,4,0,29,0,13,0,11,0
Apache Commons Collections,org.apache.commons.collections4.multimap,TransformedMultiValuedMap,69,97,11,9,13,24,9,10,1,8
Apache Commons Collections,org.apache.commons.collections4.multimap,HashSetValuedHashMap,17,46,0,0,7,14,2,6,2,6
Apache Commons Collections,org.apache.commons.collections4.multimap,AbstractMultiValuedMap.KeysMultiSet.MapEntryTransformer,12,0,0,0,2,0,2,0,2,0
Apache Commons Collections,org.apache.commons.collections4.multimap,AbstractMultiValuedMap,232,202,37,21,47,50,36,22,11,18
Apache Commons Collections,org.apache.commons.collections4.multimap,AbstractMultiValuedMap.EntryValues.1.new Transformer() {...},20,0,0,0,2,0,2,0,2,0
Apache Commons Collections,org.apache.commons.collections4.multimap,AbstractMultiValuedMap.MultiValuedMapEntry,12,0,0,0,4,0,2,0,2,0
Apache Commons Collections,org.apache.commons.collections4.multimap,AbstractListValuedMap,10,17,0,0,3,5,2,4,2,4
Apache Commons Collections,org.apache.commons.collections4.multimap,AbstractMultiValuedMap.KeysMultiSet.MapEntryTransformer.new AbstractMultiSet.AbstractEntry() {...},19,0,0,0,3,0,3,0,3,0
Apache Commons Collections,org.apache.commons.collections4.multimap,AbstractMultiValuedMap.EntryValues.new LazyIteratorChain() {...},22,27,1,1,3,5,1,2,0,2
Apache Commons Collections,org.apache.commons.collections4.multimap,AbstractMultiValuedMap.WrappedCollection,175,63,34,6,47,17,28,8,9,7
Apache Commons Collections,org.apache.commons.collections4.multimap,AbstractMultiValuedMap.ValuesIterator,14,29,2,0,4,7,2,3,1,3
Apache Commons Collections,org.apache.commons.collections4.multimap,AbstractMultiValuedMap.KeysMultiSet,44,12,2,0,10,2,6,2,5,2
Apache Commons Collections,org.apache.commons.collections4.multimap,AbstractMultiValuedMap.AsMap.AsMapEntrySet,50,0,2,0,11,0,7,0,6,0
Apache Commons Collections,org.apache.commons.collections4.multimap,AbstractMultiValuedMap.EntryValues,4,11,0,0,1,2,1,2,1,2
Apache Commons Collections,org.apache.commons.collections4.multimap,UnmodifiableMultiValuedMap,61,18,1,1,14,5,14,3,13,3
Apache Commons Collections,org.apache.commons.collections4.multimap,AbstractMultiValuedMap.MultiValuedMapIterator,66,0,6,0,18,0,10,0,7,0
Apache Commons Collections,org.apache.commons.collections4.multimap,AbstractMultiValuedMap.AsMap,61,29,4,4,18,6,9,6,7,4
Apache Commons Collections,org.apache.commons.collections4.multimap,AbstractMultiValuedMap.Values,40,0,2,0,9,0,5,0,4,0
Apache Commons Collections,org.apache.commons.collections4.multimap,AbstractSetValuedMap,10,17,0,0,3,5,2,4,2,4
Apache Commons Collections,org.apache.commons.collections4.multimap,AbstractMultiValuedMap.AsMap.AsMapEntrySetIterator,24,0,0,0,6,0,2,0,2,0
Apache Commons Collections,org.apache.commons.collections4.multimap,AbstractMultiValuedMapDecorator,86,38,0,4,19,12,18,8,18,6
Apache Commons Collections,org.apache.commons.collections4.multimap,AbstractSetValuedMap.WrappedSet,29,8,4,0,9,3,4,1,2,1
Apache Commons Collections,org.apache.commons.collections4.set,UnmodifiableSet,8,41,0,2,2,12,2,9,2,8
Apache Commons Collections,org.apache.commons.collections4.set,UnmodifiableSortedSet,68,19,0,2,19,6,12,4,12,3
Apache Commons Collections,org.apache.commons.collections4.set,MapBackedSet,0,162,0,10,0,33,0,24,0,19
Apache Commons Collections,org.apache.commons.collections4.set,ListOrderedSet.OrderedSetIterator,22,20,0,0,6,6,2,3,2,3
Apache Commons Collections,org.apache.commons.collections4.set,TransformedSet,0,67,0,8,0,12,0,9,0,5
Apache Commons Collections,org.apache.commons.collections4.set,AbstractSetDecorator,3,24,0,4,2,5,1,6,1,4
Apache Commons Collections,org.apache.commons.collections4.set,AbstractNavigableSetDecorator,59,8,0,0,13,3,12,2,12,2
Apache Commons Collections,org.apache.commons.collections4.set,UnmodifiableNavigableSet,109,17,1,1,28,5,18,3,17,3
Apache Commons Collections,org.apache.commons.collections4.set,AbstractSerializableSetDecorator,15,4,0,0,6,2,2,1,2,1
Apache Commons Collections,org.apache.commons.collections4.set,PredicatedSet,0,31,0,4,0,6,0,7,0,5
Apache Commons Collections,org.apache.commons.collections4.set,CompositeSet,63,450,11,63,10,116,10,54,0,27
Apache Commons Collections,org.apache.commons.collections4.set,ListOrderedSet,16,311,5,35,3,83,3,40,0,23
Apache Commons Collections,org.apache.commons.collections4.set,TransformedSortedSet,0,104,0,4,0,20,0,12,0,10
Apache Commons Collections,org.apache.commons.collections4.set,AbstractSortedSetDecorator,31,8,0,0,8,3,7,2,7,2
Apache Commons Collections,org.apache.commons.collections4.set,PredicatedNavigableSet,0,89,0,0,0,18,0,14,0,14
Apache Commons Collections,org.apache.commons.collections4.set,PredicatedSortedSet,0,64,0,0,0,13,0,9,0,9
Apache Commons Collections,org.apache.commons.collections4.set,TransformedNavigableSet,0,129,0,4,0,25,0,17,0,15
Apache Commons Collections,org.apache.commons.collections4.iterators,EnumerationIterator,0,65,0,4,0,21,0,10,0,8
Apache Commons Collections,org.apache.commons.collections4.iterators,IteratorChain,31,207,2,18,5,51,2,22,1,13
Apache Commons Collections,org.apache.commons.collections4.iterators,EmptyMapIterator,0,10,0,0,0,4,0,3,0,3
Apache Commons Collections,org.apache.commons.collections4.iterators,SingletonIterator,0,75,0,14,0,22,0,13,0,6
Apache Commons Collections,org.apache.commons.collections4.iterators,ObjectArrayIterator,0,111,0,12,0,29,0,16,0,10
Apache Commons Collections,org.apache.commons.collections4.iterators,FilterIterator,0,115,0,14,0,37,0,18,0,11
Apache Commons Collections,org.apache.commons.collections4.iterators,SkippingIterator,0,60,0,8,0,17,0,8,0,4
Apache Commons Collections,org.apache.commons.collections4.iterators,IteratorIterable,0,44,0,6,0,12,0,7,0,4
Apache Commons Collections,org.apache.commons.collections4.iterators,ReverseListIterator,0,110,0,8,0,33,0,15,0,11
Apache Commons Collections,org.apache.commons.collections4.iterators,AbstractListIteratorDecorator,21,33,1,1,6,12,5,7,4,7
Apache Commons Collections,org.apache.commons.collections4.iterators,EmptyIterator,0,14,0,0,0,6,0,4,0,4
Apache Commons Collections,org.apache.commons.collections4.iterators,AbstractUntypedIteratorDecorator,0,24,0,2,0,9,0,5,0,4
Apache Commons Collections,org.apache.commons.collections4.iterators,TransformIterator,10,41,0,0,3,17,2,9,2,9
Apache Commons Collections,org.apache.commons.collections4.iterators,ArrayListIterator,118,0,8,0,26,0,15,0,11,0
Apache Commons Collections,org.apache.commons.collections4.iterators,UnmodifiableOrderedMapIterator,59,0,4,0,17,0,12,0,10,0
Apache Commons Collections,org.apache.commons.collections4.iterators,LoopingIterator,2,54,1,7,1,16,1,9,0,6
Apache Commons Collections,org.apache.commons.collections4.iterators,EmptyOrderedMapIterator,0,10,0,0,0,4,0,3,0,3
Apache Commons Collections,org.apache.commons.collections4.iterators,NodeListIterator,0,76,2,10,0,16,2,9,0,5
Apache Commons Collections,org.apache.commons.collections4.iterators,AbstractEmptyMapIterator,15,3,0,0,3,2,3,1,3,1
Apache Commons Collections,org.apache.commons.collections4.iterators,AbstractIteratorDecorator,0,8,0,0,0,3,0,2,0,2
Apache Commons Collections,org.apache.commons.collections4.iterators,ObjectGraphIterator,7,188,1,29,3,53,1,22,0,8
Apache Commons Collections,org.apache.commons.collections4.iterators,UnmodifiableIterator,10,28,1,3,2,10,2,5,1,4
Apache Commons Collections,org.apache.commons.collections4.iterators,IteratorIterable.new Iterator() {...},4,14,0,0,2,3,1,3,1,3
Apache Commons Collections,org.apache.commons.collections4.iterators,LazyIteratorChain,2,97,1,11,1,27,1,10,0,5
Apache Commons Collections,org.apache.commons.collections4.iterators,AbstractMapIteratorDecorator,41,0,2,0,13,0,9,0,8,0
Apache Commons Collections,org.apache.commons.collections4.iterators,AbstractOrderedMapIteratorDecorator,49,0,2,0,15,0,11,0,10,0
Apache Commons Collections,org.apache.commons.collections4.iterators,UnmodifiableListIterator,32,32,1,3,7,11,7,6,6,5
Apache Commons Collections,org.apache.commons.collections4.iterators,LoopingListIterator,0,153,0,24,0,43,0,25,0,13
Apache Commons Collections,org.apache.commons.collections4.iterators,BoundedIterator,0,122,0,18,0,32,0,15,0,6
Apache Commons Collections,org.apache.commons.collections4.iterators,PeekingIterator,3,134,1,25,0,39,1,20,0,8
Apache Commons Collections,org.apache.commons.collections4.iterators,SingletonListIterator,0,127,0,28,0,32,0,25,0,11
Apache Commons Collections,org.apache.commons.collections4.iterators,UnmodifiableMapIterator,51,0,4,0,15,0,10,0,8,0
Apache Commons Collections,org.apache.commons.collections4.iterators,EmptyListIterator,0,14,0,0,0,6,0,4,0,4
Apache Commons Collections,org.apache.commons.collections4.iterators,FilterListIterator,21,238,12,24,9,67,10,29,0,21
Apache Commons Collections,org.apache.commons.collections4.iterators,CollatingIterator,29,372,4,44,7,98,4,42,1,21
Apache Commons Collections,org.apache.commons.collections4.iterators,ZippingIterator,0,139,0,14,0,35,0,13,0,6
Apache Commons Collections,org.apache.commons.collections4.iterators,UniqueFilterIterator,0,5,0,0,0,2,0,1,0,1
Apache Commons Collections,org.apache.commons.collections4.iterators,PermutationIterator,0,262,0,34,0,45,0,21,0,4
Apache Commons Collections,org.apache.commons.collections4.iterators,PushbackIterator,0,64,0,10,0,15,0,11,0,6
Apache Commons Collections,org.apache.commons.collections4.iterators,IteratorEnumeration,0,24,0,0,0,10,0,6,0,6
Apache Commons Collections,org.apache.commons.collections4.iterators,EntrySetMapIterator,0,121,0,10,0,31,0,14,0,9
Apache Commons Collections,org.apache.commons.collections4.iterators,EmptyOrderedIterator,0,10,0,0,0,4,0,3,0,3
Apache Commons Collections,org.apache.commons.collections4.iterators,ArrayIterator,114,17,10,0,25,6,15,1,10,1
Apache Commons Collections,org.apache.commons.collections4.iterators,AbstractEmptyIterator,19,18,0,0,5,7,5,6,5,6
Apache Commons Collections,org.apache.commons.collections4.iterators,ListIteratorWrapper,11,283,1,39,5,67,1,30,0,11
Apache Commons Collections,org.apache.commons.collections4.iterators,ObjectArrayListIterator,0,118,0,8,0,26,0,15,0,11
Apache Commons Collections,org.apache.commons.collections4,PredicateUtils,0,110,0,0,0,31,0,29,0,29
Apache Commons Collections,org.apache.commons.collections4,FunctorException,0,16,0,0,0,8,0,4,0,4
Apache Commons Collections,org.apache.commons.collections4,EnumerationUtils,0,53,0,6,0,13,0,6,0,3
Apache Commons Collections,org.apache.commons.collections4,BagUtils,0,47,0,0,0,14,0,12,0,12
Apache Commons Collections,org.apache.commons.collections4,IterableUtils.2.new LazyIteratorChain() {...},0,23,0,2,0,4,0,3,0,2
Apache Commons Collections,org.apache.commons.collections4,ListUtils.LcsVisitor,0,19,0,0,0,8,0,5,0,5
Apache Commons Collections,org.apache.commons.collections4,SetUtils,0,213,1,35,0,54,1,42,0,25
Apache Commons Collections,org.apache.commons.collections4,ComparatorUtils,0,114,0,18,0,29,0,20,0,11
Apache Commons Collections,org.apache.commons.collections4,IterableUtils.UnmodifiableIterable,0,11,0,0,0,4,0,2,0,2
Apache Commons Collections,org.apache.commons.collections4,FluentIterable,13,177,2,2,4,41,2,34,1,33
Apache Commons Collections,org.apache.commons.collections4,SetUtils.new SetUtils.SetView() {...},12,42,5,3,1,4,4,5,1,4
Apache Commons Collections,org.apache.commons.collections4,SetUtils.new SetUtils.SetView() {...},0,33,1,3,0,3,1,4,0,3
Apache Commons Collections,org.apache.commons.collections4,SetUtils.new Predicate() {...},0,11,0,0,0,2,0,2,0,2
Apache Commons Collections,org.apache.commons.collections4,SetUtils.new SetUtils.SetView() {...},1,52,2,2,0,5,2,5,0,5
Apache Commons Collections,org.apache.commons.collections4,SetUtils.new SetUtils.SetView() {...},2,31,1,3,0,3,1,4,0,3
Apache Commons Collections,org.apache.commons.collections4,SetUtils.new Predicate() {...},2,13,1,1,0,2,1,2,0,2
Apache Commons Collections,org.apache.commons.collections4,CollectionUtils.SetOperationCardinalityHelper,0,48,0,2,0,11,0,5,0,4
Apache Commons Collections,org.apache.commons.collections4,IterableUtils.7.new LazyIteratorChain() {...},0,18,0,2,0,4,0,3,0,2
Apache Commons Collections,org.apache.commons.collections4,IteratorUtils,605,270,102,40,150,76,110,31,46,24
Apache Commons Collections,org.apache.commons.collections4,SetUtils.SetView,0,27,0,0,0,8,0,5,0,5
Apache Commons Collections,org.apache.commons.collections4,ClosureUtils,5,107,0,4,1,27,1,17,1,15
Apache Commons Collections,org.apache.commons.collections4,ArrayUtils,0,60,0,16,0,15,0,12,0,4
Apache Commons Collections,org.apache.commons.collections4,SplitMapUtils,45,0,10,0,11,0,7,0,2,0
Apache Commons Collections,org.apache.commons.collections4,IterableUtils.new FluentIterable() {...},0,13,0,0,0,2,0,2,0,2
Apache Commons Collections,org.apache.commons.collections4,IterableUtils.new FluentIterable() {...},0,17,0,0,0,2,0,2,0,2
Apache Commons Collections,org.apache.commons.collections4,IterableUtils.new FluentIterable() {...},0,44,0,2,0,6,0,3,0,2
Apache Commons Collections,org.apache.commons.collections4,IterableUtils.new FluentIterable() {...},7,9,0,0,1,1,1,1,1,1
Apache Commons Collections,org.apache.commons.collections4,IterableUtils.new FluentIterable() {...},0,11,0,0,0,2,0,2,0,2
Apache Commons Collections,org.apache.commons.collections4,IterableUtils.new FluentIterable() {...},7,9,0,0,1,1,1,1,1,1
Apache Commons Collections,org.apache.commons.collections4,IterableUtils.new FluentIterable() {...},7,9,0,0,1,1,1,1,1,1
Apache Commons Collections,org.apache.commons.collections4,IterableUtils.new FluentIterable() {...},0,22,0,0,0,2,0,2,0,2
Apache Commons Collections,org.apache.commons.collections4,CollectionUtils,1244,220,233,37,294,52,183,20,57,11
Apache Commons Collections,org.apache.commons.collections4,IterableUtils.new FluentIterable() {...},0,18,0,0,0,2,0,2,0,2
Apache Commons Collections,org.apache.commons.collections4,IterableUtils.new FluentIterable() {...},0,11,0,0,0,2,0,2,0,2
Apache Commons Collections,org.apache.commons.collections4,IterableUtils.new FluentIterable() {...},0,5,0,0,0,2,0,2,0,2
Apache Commons Collections,org.apache.commons.collections4,MultiMapUtils,18,88,6,14,5,25,7,15,1,11
Apache Commons Collections,org.apache.commons.collections4,TrieUtils,0,3,0,0,0,1,0,1,0,1
Apache Commons Collections,org.apache.commons.collections4,IterableUtils,306,278,40,22,62,65,39,36,17,27
Apache Commons Collections,org.apache.commons.collections4,ArrayStack,0,93,0,16,0,30,0,16,0,8
Apache Commons Collections,org.apache.commons.collections4,FactoryUtils,0,21,0,0,0,6,0,6,0,6
Apache Commons Collections,org.apache.commons.collections4,MapUtils,1093,0,188,0,306,0,168,0,74,0
Apache Commons Collections,org.apache.commons.collections4,CollectionUtils.EquatorWrapper,34,0,2,0,10,0,5,0,4,0
Apache Commons Collections,org.apache.commons.collections4,IterableUtils.new FluentIterable() {...},0,16,0,0,0,2,0,2,0,2
Apache Commons Collections,org.apache.commons.collections4,IterableUtils.new FluentIterable() {...},4,20,1,1,0,4,1,2,0,2
Apache Commons Collections,org.apache.commons.collections4,ListUtils,19,409,10,64,5,95,9,52,0,24
Apache Commons Collections,org.apache.commons.collections4,QueueUtils,0,22,0,0,0,6,0,6,0,6
Apache Commons Collections,org.apache.commons.collections4,ListUtils.Partition,58,24,4,0,8,6,3,3,1,3
Apache Commons Collections,org.apache.commons.collections4,MultiSetUtils,0,18,0,0,0,6,0,5,0,5
Apache Commons Collections,org.apache.commons.collections4,CollectionUtils.new Transformer() {...},13,0,0,0,2,0,2,0,2,0
Apache Commons Collections,org.apache.commons.collections4,CollectionUtils.new Transformer() {...},13,0,0,0,2,0,2,0,2,0
Apache Commons Collections,org.apache.commons.collections4,CollectionUtils.new Transformer() {...},13,0,0,0,2,0,2,0,2,0
Apache Commons Collections,org.apache.commons.collections4,ListUtils.CharSequenceAsList,0,16,0,0,0,5,0,3,0,3
Apache Commons Collections,org.apache.commons.collections4,MapUtils.new AbstractMapDecorator() {...},4,0,0,0,1,0,1,0,1,0
Apache Commons Collections,org.apache.commons.collections4,MapUtils.new AbstractSortedMapDecorator() {...},4,0,0,0,1,0,1,0,1,0
Apache Commons Collections,org.apache.commons.collections4,SplitMapUtils.WrappedGet,109,0,8,0,23,0,20,0,16,0
Apache Commons Collections,org.apache.commons.collections4,TransformerUtils,135,2,4,0,33,1,24,1,22,1
Apache Commons Collections,org.apache.commons.collections4,CollectionUtils.CardinalityHelper,8,43,0,2,1,11,1,6,1,5
Apache Commons Collections,org.apache.commons.collections4,SplitMapUtils.WrappedPut,85,0,6,0,21,0,18,0,15,0
Apache Commons Collections,org.apache.commons.collections4.multiset,AbstractMapMultiSet.MutableInteger,15,9,4,0,3,4,3,2,1,2
Apache Commons Collections,org.apache.commons.collections4.multiset,AbstractMapMultiSet.UniqueSetIterator,40,13,2,0,11,5,3,1,2,1
Apache Commons Collections,org.apache.commons.collections4.multiset,SynchronizedMultiSet.SynchronizedSet,0,5,0,0,0,2,0,1,0,1
Apache Commons Collections,org.apache.commons.collections4.multiset,AbstractMultiSet.EntrySet,61,10,10,0,16,4,8,2,3,2
Apache Commons Collections,org.apache.commons.collections4.multiset,AbstractMultiSetDecorator,35,23,1,3,8,5,8,5,7,4
Apache Commons Collections,org.apache.commons.collections4.multiset,AbstractMultiSet.AbstractEntry,64,0,12,0,11,0,10,0,4,0
Apache Commons Collections,org.apache.commons.collections4.multiset,HashMultiSet,17,13,0,0,7,5,2,2,2,2
Apache Commons Collections,org.apache.commons.collections4.multiset,SynchronizedMultiSet,21,112,0,2,4,22,1,12,1,11
Apache Commons Collections,org.apache.commons.collections4.multiset,AbstractMapMultiSet.MapBasedMultiSetIterator,48,68,9,5,12,15,7,4,1,3
Apache Commons Collections,org.apache.commons.collections4.multiset,AbstractMapMultiSet,271,171,27,21,62,43,24,21,8,13
Apache Commons Collections,org.apache.commons.collections4.multiset,AbstractMultiSet.UniqueSet,22,19,2,0,4,6,4,4,3,4
Apache Commons Collections,org.apache.commons.collections4.multiset,AbstractMapMultiSet.MultiSetEntry,16,0,0,0,5,0,3,0,3,0
Apache Commons Collections,org.apache.commons.collections4.multiset,AbstractMultiSet.MultiSetIterator,84,0,10,0,21,0,9,0,4,0
Apache Commons Collections,org.apache.commons.collections4.multiset,AbstractMultiSet.new Transformer() {...},9,0,0,0,2,0,2,0,2,0
Apache Commons Collections,org.apache.commons.collections4.multiset,PredicatedMultiSet,0,68,0,4,0,14,0,13,0,11
Apache Commons Collections,org.apache.commons.collections4.multiset,AbstractMapMultiSet.EntrySetIterator,52,0,2,0,16,0,5,0,4,0
Apache Commons Collections,org.apache.commons.collections4.multiset,AbstractMultiSet,251,59,42,4,60,17,38,7,15,7
Apache Commons Collections,org.apache.commons.collections4.multiset,UnmodifiableMultiSet,53,37,0,2,16,11,10,8,10,7
Apache Commons Collections,org.apache.commons.collections4.queue,SynchronizedQueue,0,102,0,2,0,22,0,12,0,11
Apache Commons Collections,org.apache.commons.collections4.queue,AbstractQueueDecorator,24,8,0,0,7,3,6,2,6,2
Apache Commons Collections,org.apache.commons.collections4.queue,TransformedQueue,0,78,0,4,0,16,0,11,0,9
Apache Commons Collections,org.apache.commons.collections4.queue,CircularFifoQueue.new Iterator() {...},47,145,6,12,7,25,5,8,0,4
Apache Commons Collections,org.apache.commons.collections4.queue,CircularFifoQueue,72,292,10,38,18,74,8,37,2,19
Apache Commons Collections,org.apache.commons.collections4.queue,PredicatedQueue,0,39,0,0,0,10,0,8,0,8
Apache Commons Collections,org.apache.commons.collections4.queue,UnmodifiableQueue,55,21,0,2,16,7,12,4,12,3
